#
# There is insufficient memory for the Java Runtime Environment to continue.
# Native memory allocation (mmap) failed to map 671088640 bytes for G1 virtual space
# Possible reasons:
#   The system is out of physical RAM or swap space
#   The process is running with CompressedOops enabled, and the Java Heap may be blocking the growth of the native heap
# Possible solutions:
#   Reduce memory load on the system
#   Increase physical memory or swap space
#   Check if swap backing store is full
#   Decrease Java heap size (-Xmx/-Xms)
#   Decrease number of Java threads
#   Decrease Java thread stack sizes (-Xss)
#   Set larger code cache with -XX:ReservedCodeCacheSize=
#   JVM is running with Zero Based Compressed Oops mode in which the Java heap is
#     placed in the first 32GB address space. The Java Heap base address is the
#     maximum limit for the native heap growth. Please use -XX:HeapBaseMinAddress
#     to set the Java Heap base and to place the Java Heap above 32GB virtual address.
# This output file may be truncated or incomplete.
#
#  Out of Memory Error (os_windows.cpp:3536), pid=21436, tid=11664
#
# JRE version:  (19.0.2+7) (build )
# Java VM: OpenJDK 64-Bit Server VM (19.0.2+7-FR, mixed mode, sharing, tiered, compressed oops, compressed class ptrs, g1 gc, windows-amd64)
# No core dump will be written. Minidumps are not enabled by default on client versions of Windows
#

---------------  S U M M A R Y ------------

Command Line: -Dfile.encoding=windows-1252 -Duser.country=DE -Duser.language=de -Duser.variant org.cmjava2023.Main

Host: Intel(R) Core(TM) i7-9750H CPU @ 2.60GHz, 12 cores, 39G,  Windows 11 , 64 bit Build 22621 (10.0.22621.2428)
Time: Wed Nov  8 18:41:17 2023 Mitteleuropäische Zeit elapsed time: 0.011961 seconds (0d 0h 0m 0s)

---------------  T H R E A D  ---------------

Current thread (0x000002183d55c820):  JavaThread "Unknown thread" [_thread_in_vm, id=11664, stack(0x000000c07cd00000,0x000000c07ce00000)]

Stack: [0x000000c07cd00000,0x000000c07ce00000]
Native frames: (J=compiled Java code, j=interpreted, Vv=VM code, C=native code)
V  [jvm.dll+0x6d034a]
V  [jvm.dll+0x880f10]
V  [jvm.dll+0x88289e]
V  [jvm.dll+0x882f43]
V  [jvm.dll+0x27b4bb]
V  [jvm.dll+0x6cd13a]
V  [jvm.dll+0x6c1d3a]
V  [jvm.dll+0x351969]
V  [jvm.dll+0x359076]
V  [jvm.dll+0x3ad28a]
V  [jvm.dll+0x3ad4cf]
V  [jvm.dll+0x3261ea]
V  [jvm.dll+0x3270a2]
V  [jvm.dll+0x84d530]
V  [jvm.dll+0x3ba241]
V  [jvm.dll+0x82f013]
V  [jvm.dll+0x43a3c3]
V  [jvm.dll+0x43bdf1]
C  [jli.dll+0x519f]
C  [ucrtbase.dll+0x29363]
C  [KERNEL32.DLL+0x1257d]
C  [ntdll.dll+0x5aa78]


---------------  P R O C E S S  ---------------

Threads class SMR info:
_java_thread_list=0x00007ffd582bace8, length=0, elements={
}

Java Threads: ( => current thread )

Other Threads:
  0x000002183d600c70 WorkerThread "GC Thread#0" [stack: 0x000000c07ce00000,0x000000c07cf00000] [id=15172]
  0x000002183d60bcf0 ConcurrentGCThread "G1 Main Marker" [stack: 0x000000c07cf00000,0x000000c07d000000] [id=42404]
  0x000002183d60c720 WorkerThread "G1 Conc#0" [stack: 0x000000c07d000000,0x000000c07d100000] [id=25704]

[error occurred during error reporting (printing all threads), id 0xc0000005, EXCEPTION_ACCESS_VIOLATION (0xc0000005) at pc=0x00007ffd57a575f7]

VM state: not at safepoint (not fully initialized)

VM Mutex/Monitor currently owned by a thread:  ([mutex/lock_event])
[0x000002183d55af80] Heap_lock - owner thread: 0x000002183d55c820

Heap address: 0x0000000582000000, size: 10208 MB, Compressed Oops mode: Zero based, Oop shift amount: 3

CDS archive(s) mapped at: [0x0000000000000000-0x0000000000000000-0x0000000000000000), size 0, SharedBaseAddress: 0x0000000800000000, ArchiveRelocationMode: 0.
Narrow klass base: 0x0000000000000000, Narrow klass shift: 0, Narrow klass range: 0x0

GC Precious Log:
 CardTable entry size: 512
 Card Set container configuration: InlinePtr #cards 4 size 8 Array Of Cards #cards 64 size 144 Howl #buckets 8 coarsen threshold 14745 Howl Bitmap #cards 2048 size 272 coarsen threshold 1843 Card regions per heap region 1 cards per card region 16384

Heap:
 garbage-first heap   total 0K, used 0K [0x0000000582000000, 0x0000000800000000)
  region size 8192K, 0 young (0K), 0 survivors (0K)

[error occurred during error reporting (printing heap information), id 0xc0000005, EXCEPTION_ACCESS_VIOLATION (0xc0000005) at pc=0x00007ffd57e48059]

GC Heap History (0 events):
No events

Dll operation events (1 events):
Event: 0.007 Loaded shared library C:\Users\Sebas\.jdks\corretto-19.0.2\bin\java.dll

Deoptimization events (0 events):
No events

Classes loaded (0 events):
No events

Classes unloaded (0 events):
No events

Classes redefined (0 events):
No events

Internal exceptions (0 events):
No events

VM Operations (0 events):
No events

Events (0 events):
No events


Dynamic libraries:
0x00007ff7cf770000 - 0x00007ff7cf77d000 	C:\Users\Sebas\.jdks\corretto-19.0.2\bin\java.exe
0x00007ffdd3590000 - 0x00007ffdd37a7000 	C:\WINDOWS\SYSTEM32\ntdll.dll
0x00007ffdd1730000 - 0x00007ffdd17f4000 	C:\WINDOWS\System32\KERNEL32.DLL
0x00007ffdd0f40000 - 0x00007ffdd12e6000 	C:\WINDOWS\System32\KERNELBASE.dll
0x00007ffdd0cb0000 - 0x00007ffdd0dc1000 	C:\WINDOWS\System32\ucrtbase.dll
0x00007ffdb71e0000 - 0x00007ffdb71fb000 	C:\WINDOWS\SYSTEM32\VCRUNTIME140.dll
0x00007ffdbbec0000 - 0x00007ffdbbed7000 	C:\Users\Sebas\.jdks\corretto-19.0.2\bin\jli.dll
0x00007ffdd2a30000 - 0x00007ffdd2bdd000 	C:\WINDOWS\System32\USER32.dll
0x00007ffdb31b0000 - 0x00007ffdb3443000 	C:\WINDOWS\WinSxS\amd64_microsoft.windows.common-controls_6595b64144ccf1df_6.0.22621.2361_none_2712ced57382f843\COMCTL32.dll
0x00007ffdd0c10000 - 0x00007ffdd0c36000 	C:\WINDOWS\System32\win32u.dll
0x00007ffdd1ab0000 - 0x00007ffdd1b57000 	C:\WINDOWS\System32\msvcrt.dll
0x00007ffdd1a80000 - 0x00007ffdd1aa9000 	C:\WINDOWS\System32\GDI32.dll
0x00007ffdd0990000 - 0x00007ffdd0aa8000 	C:\WINDOWS\System32\gdi32full.dll
0x00007ffdd0b70000 - 0x00007ffdd0c0a000 	C:\WINDOWS\System32\msvcp_win.dll
0x00007ffdd29f0000 - 0x00007ffdd2a21000 	C:\WINDOWS\System32\IMM32.DLL
0x00007ffdbbc20000 - 0x00007ffdbbc35000 	C:\Users\Sebas\.jdks\corretto-19.0.2\bin\vcruntime140.dll
0x00007ffd94070000 - 0x00007ffd9410b000 	C:\Users\Sebas\.jdks\corretto-19.0.2\bin\msvcp140.dll
0x00007ffd57720000 - 0x00007ffd583f9000 	C:\Users\Sebas\.jdks\corretto-19.0.2\bin\server\jvm.dll
0x00007ffdd2db0000 - 0x00007ffdd2e60000 	C:\WINDOWS\System32\ADVAPI32.dll
0x00007ffdd12f0000 - 0x00007ffdd1396000 	C:\WINDOWS\System32\sechost.dll
0x00007ffdd2be0000 - 0x00007ffdd2cf7000 	C:\WINDOWS\System32\RPCRT4.dll
0x00007ffdb7f50000 - 0x00007ffdb7f59000 	C:\WINDOWS\SYSTEM32\WSOCK32.dll
0x00007ffdc9a00000 - 0x00007ffdc9a34000 	C:\WINDOWS\SYSTEM32\WINMM.dll
0x00007ffdc9320000 - 0x00007ffdc932a000 	C:\WINDOWS\SYSTEM32\VERSION.dll
0x00007ffdd1c60000 - 0x00007ffdd1cd1000 	C:\WINDOWS\System32\WS2_32.dll
0x00007ffdcf8b0000 - 0x00007ffdcf8c8000 	C:\WINDOWS\SYSTEM32\kernel.appcore.dll
0x00007ffdcdbf0000 - 0x00007ffdcdbfa000 	C:\Users\Sebas\.jdks\corretto-19.0.2\bin\jimage.dll
0x00007ffdbcef0000 - 0x00007ffdbd11e000 	C:\WINDOWS\SYSTEM32\DBGHELP.DLL
0x00007ffdd13a0000 - 0x00007ffdd172a000 	C:\WINDOWS\System32\combase.dll
0x00007ffdd1d10000 - 0x00007ffdd1de7000 	C:\WINDOWS\System32\OLEAUT32.dll
0x00007ffdb64a0000 - 0x00007ffdb64d2000 	C:\WINDOWS\SYSTEM32\dbgcore.DLL
0x00007ffdd0910000 - 0x00007ffdd098a000 	C:\WINDOWS\System32\bcryptPrimitives.dll
0x00007ffdb5fa0000 - 0x00007ffdb5fc6000 	C:\Users\Sebas\.jdks\corretto-19.0.2\bin\java.dll

dbghelp: loaded successfully - version: 4.0.5 - missing functions: none
symbol engine: initialized successfully - sym options: 0x614 - pdb path: .;C:\Users\Sebas\.jdks\corretto-19.0.2\bin;C:\WINDOWS\SYSTEM32;C:\WINDOWS\WinSxS\amd64_microsoft.windows.common-controls_6595b64144ccf1df_6.0.22621.2361_none_2712ced57382f843;C:\Users\Sebas\.jdks\corretto-19.0.2\bin\server

VM Arguments:
jvm_args: -Dfile.encoding=windows-1252 -Duser.country=DE -Duser.language=de -Duser.variant 
java_command: org.cmjava2023.Main
java_class_path (initial): D:\Desktop\Master of Science\1. Semester\Concepts of Programming Languages\GruppenProjekt\githubrepo\compiler\build\classes\java\main;D:\Desktop\Master of Science\1. Semester\Concepts of Programming Languages\GruppenProjekt\githubrepo\compiler\build\resources\main;C:\Users\Sebas\.gradle\caches\modules-2\files-2.1\org.antlr\antlr4\4.13.1\71b8e3e31b0821480a5db1486012caa89e673f41\antlr4-4.13.1.jar;C:\Users\Sebas\.gradle\caches\modules-2\files-2.1\org.antlr\antlr4-runtime\4.13.1\17125bae1d965624e265ef49552f6465a2bfa307\antlr4-runtime-4.13.1.jar;C:\Users\Sebas\.gradle\caches\modules-2\files-2.1\org.antlr\ST4\4.3.4\bf68d049dd4e6e104055a79ac3bf9e6307d29258\ST4-4.3.4.jar;C:\Users\Sebas\.gradle\caches\modules-2\files-2.1\org.antlr\antlr-runtime\3.5.3\9011fb189c5ed6d99e5f3322514848d1ec1e1416\antlr-runtime-3.5.3.jar;C:\Users\Sebas\.gradle\caches\modules-2\files-2.1\org.abego.treelayout\org.abego.treelayout.core\1.0.3\457216e8e6578099ae63667bb1e4439235892028\org.abego.treelayout.core-1.0.3.jar;C:\Users\Sebas\.gradle\caches\modules-2\files-2.1\com.ibm.icu\icu4j\72.1\bc9057df4b5efddf7f6d1880bf7f3399f4ce5633\icu4j-72.1.jar
Launcher Type: SUN_STANDARD

[Global flags]
     intx CICompilerCount                          = 4                                         {product} {ergonomic}
     uint ConcGCThreads                            = 3                                         {product} {ergonomic}
     uint G1ConcRefinementThreads                  = 10                                        {product} {ergonomic}
   size_t G1HeapRegionSize                         = 8388608                                   {product} {ergonomic}
    uintx GCDrainStackTargetSize                   = 64                                        {product} {ergonomic}
   size_t InitialHeapSize                          = 671088640                                 {product} {ergonomic}
   size_t MarkStackSize                            = 4194304                                   {product} {ergonomic}
   size_t MaxHeapSize                              = 10703863808                               {product} {ergonomic}
   size_t MinHeapDeltaBytes                        = 8388608                                   {product} {ergonomic}
   size_t MinHeapSize                              = 8388608                                   {product} {ergonomic}
    uintx NonNMethodCodeHeapSize                   = 5839372                                {pd product} {ergonomic}
    uintx NonProfiledCodeHeapSize                  = 122909434                              {pd product} {ergonomic}
    uintx ProfiledCodeHeapSize                     = 122909434                              {pd product} {ergonomic}
    uintx ReservedCodeCacheSize                    = 251658240                              {pd product} {ergonomic}
     bool SegmentedCodeCache                       = true                                      {product} {ergonomic}
   size_t SoftMaxHeapSize                          = 10703863808                            {manageable} {ergonomic}
     bool UseCompressedClassPointers               = true                           {product lp64_product} {ergonomic}
     bool UseCompressedOops                        = true                           {product lp64_product} {ergonomic}
     bool UseG1GC                                  = true                                      {product} {ergonomic}
     bool UseLargePagesIndividualAllocation        = false                                  {pd product} {ergonomic}

Logging:
Log output configuration:
 #0: stdout all=warning uptime,level,tags foldmultilines=false
 #1: stderr all=off uptime,level,tags foldmultilines=false

Environment Variables:
PATH=C:\Program Files\Common Files\Oracle\Java\javapath;C:\Program Files (x86)\Common Files\Oracle\Java\javapath;C:\Program Files\NVIDIA GPU Computing Toolkit\CUDA\v11.7\bin;C:\Program Files\NVIDIA GPU Computing Toolkit\CUDA\v11.7\libnvvp;C:\Windows\system32;C:\Windows;C:\Windows\System32\Wbem;C:\Windows\System32\WindowsPowerShell\v1.0\;C:\Windows\System32\OpenSSH\;C:\Program Files (x86)\NVIDIA Corporation\PhysX\Common;C:\Program Files\NVIDIA Corporation\NVIDIA NvDLISR;C:\WINDOWS\system32;C:\WINDOWS;C:\WINDOWS\System32\Wbem;C:\WINDOWS\System32\WindowsPowerShell\v1.0\;C:\WINDOWS\System32\OpenSSH\;C:\Program Files\Git\cmd;C:\Program Files\dotnet\;C:\Program Files (x86)\ZeroTier\One\;C:\Program Files\Inkscape\bin;C:\Program Files\CMake\bin;C:\Program Files\Ninja;C:\Program Files\NVIDIA Corporation\Nsight Compute 2022.2.0\;C:\WINDOWS\system32;C:\WINDOWS;C:\WINDOWS\System32\Wbem;C:\WINDOWS\System32\WindowsPowerShell\v1.0\;C:\WINDOWS\System32\OpenSSH\;C:\Program Files\Docker\Docker\resources\bin;C:\Users\Sebas\.jdks\temurin-19.0.2\bin;C:\Users\Sebas\AppData\Local\Microsoft\WindowsApps;C:\Users\Sebas\.dotnet\tools;C:\Users\Sebas\AppData\Local\Programs\Microsoft VS Code\bin;C:\Program Files (x86)\Nmap;C:\Users\Sebas\AppData\Local\Programs\MiKTeX\miktex\bin\x64\;C:\Users\Sebas\AppData\Local\Pandoc\;C:\Users\Sebas\AppData\Local\JetBrains\Toolbox\scripts
USERNAME=Sebas
OS=Windows_NT
PROCESSOR_IDENTIFIER=Intel64 Family 6 Model 158 Stepping 10, GenuineIntel
TMP=C:\Users\Sebas\AppData\Local\Temp
TEMP=C:\Users\Sebas\AppData\Local\Temp



---------------  S Y S T E M  ---------------

OS:
 Windows 11 , 64 bit Build 22621 (10.0.22621.2428)
OS uptime: 27 days 2:47 hours
Hyper-V role detected

CPU: total 12 (initial active 12) (6 cores per cpu, 2 threads per core) family 6 model 158 stepping 10 microcode 0xde, cx8, cmov, fxsr, ht, mmx, 3dnowpref, sse, sse2, sse3, ssse3, sse4.1, sse4.2, popcnt, lzcnt, tsc, tscinvbit, avx, avx2, aes, erms, clmul, bmi1, bmi2, adx, fma, vzeroupper, clflush, clflushopt, hv, rdtscp

Memory: 4k page, system-wide physical 40802M (15975M free)
TotalPageFile size 40802M (AvailPageFile size 541M)
current process WorkingSet (physical memory assigned to process): 11M, peak: 11M
current process commit charge ("private bytes"): 64M, peak: 704M

vm_info: OpenJDK 64-Bit Server VM (19.0.2+7-FR) for windows-amd64 JRE (19.0.2+7-FR), built on Jan 13 2023 22:53:32 by "Administrator" with MS VC++ 15.9 (VS2017)

END.
