#
# There is insufficient memory for the Java Runtime Environment to continue.
# Native memory allocation (malloc) failed to allocate 32744 bytes for Chunk::new
# Possible reasons:
#   The system is out of physical RAM or swap space
#   The process is running with CompressedOops enabled, and the Java Heap may be blocking the growth of the native heap
# Possible solutions:
#   Reduce memory load on the system
#   Increase physical memory or swap space
#   Check if swap backing store is full
#   Decrease Java heap size (-Xmx/-Xms)
#   Decrease number of Java threads
#   Decrease Java thread stack sizes (-Xss)
#   Set larger code cache with -XX:ReservedCodeCacheSize=
#   JVM is running with Unscaled Compressed Oops mode in which the Java heap is
#     placed in the first 4GB address space. The Java Heap base address is the
#     maximum limit for the native heap growth. Please use -XX:HeapBaseMinAddress
#     to set the Java Heap base and to place the Java Heap above 4GB virtual address.
# This output file may be truncated or incomplete.
#
#  Out of Memory Error (arena.cpp:184), pid=2968, tid=9840
#
# JRE version: OpenJDK Runtime Environment Corretto-19.0.2.7.1 (19.0.2+7) (build 19.0.2+7-FR)
# Java VM: OpenJDK 64-Bit Server VM Corretto-19.0.2.7.1 (19.0.2+7-FR, mixed mode, sharing, tiered, compressed oops, compressed class ptrs, g1 gc, windows-amd64)
# No core dump will be written. Minidumps are not enabled by default on client versions of Windows
#

---------------  S U M M A R Y ------------

Command Line: --add-opens=java.base/java.util=ALL-UNNAMED --add-opens=java.base/java.lang=ALL-UNNAMED --add-opens=java.base/java.lang.invoke=ALL-UNNAMED --add-opens=java.prefs/java.util.prefs=ALL-UNNAMED --add-opens=java.base/java.nio.charset=ALL-UNNAMED --add-opens=java.base/java.net=ALL-UNNAMED --add-opens=java.base/java.util.concurrent.atomic=ALL-UNNAMED -XX:MaxMetaspaceSize=384m -XX:+HeapDumpOnOutOfMemoryError -Xms256m -Xmx512m -Dfile.encoding=windows-1252 -Duser.country=DE -Duser.language=de -Duser.variant -javaagent:C:\Users\Sebas\.gradle\wrapper\dists\gradle-8.2-bin\bbg7u40eoinfdyxsxr3z4i7ta\gradle-8.2\lib\agents\gradle-instrumentation-agent-8.2.jar org.gradle.launcher.daemon.bootstrap.GradleDaemon 8.2

Host: Intel(R) Core(TM) i7-9750H CPU @ 2.60GHz, 12 cores, 39G,  Windows 11 , 64 bit Build 22621 (10.0.22621.2428)
Time: Wed Nov  8 18:58:55 2023 Mitteleuropäische Zeit elapsed time: 72.085140 seconds (0d 0h 1m 12s)

---------------  T H R E A D  ---------------

Current thread (0x000001c1d441ca10):  JavaThread "C2 CompilerThread0" daemon [_thread_in_native, id=9840, stack(0x00000072de400000,0x00000072de500000)]


Current CompileTask:
C2:  72085 10908       4       org.objectweb.asm.MethodVisitor::visitMethodInsn (80 bytes)

Stack: [0x00000072de400000,0x00000072de500000]
Native frames: (J=compiled Java code, j=interpreted, Vv=VM code, C=native code)
V  [jvm.dll+0x6d034a]
V  [jvm.dll+0x880f10]
V  [jvm.dll+0x88289e]
V  [jvm.dll+0x882f43]
V  [jvm.dll+0x27b4bb]
V  [jvm.dll+0xdd792]
V  [jvm.dll+0xddb25]
V  [jvm.dll+0xeac8d]
V  [jvm.dll+0x5c5e9b]
V  [jvm.dll+0x5c417c]
V  [jvm.dll+0x5c4a80]
V  [jvm.dll+0x5c3f8e]
V  [jvm.dll+0x5d635f]
V  [jvm.dll+0x24f710]
V  [jvm.dll+0x248818]
V  [jvm.dll+0x246488]
V  [jvm.dll+0x1d4bb7]
V  [jvm.dll+0x25558a]
V  [jvm.dll+0x2538d7]
V  [jvm.dll+0x8342bd]
V  [jvm.dll+0x82e2fa]
V  [jvm.dll+0x6cf0d3]
C  [ucrtbase.dll+0x29363]
C  [KERNEL32.DLL+0x1257d]
C  [ntdll.dll+0x5aa78]


---------------  P R O C E S S  ---------------

Threads class SMR info:
_java_thread_list=0x000001c1d7488b90, length=57, elements={
0x000001c1b4a8f200, 0x000001c1d44110b0, 0x000001c1d4411ea0, 0x000001c1d4416cb0,
0x000001c1d4418a70, 0x000001c1d441b3b0, 0x000001c1d441bce0, 0x000001c1d441ca10,
0x000001c1d441e0c0, 0x000001c1d44545c0, 0x000001c1d01631a0, 0x000001c1d46d40a0,
0x000001c1d57480b0, 0x000001c1d5fe3080, 0x000001c1d5cdf040, 0x000001c1d5eb47d0,
0x000001c1d58ddc60, 0x000001c1d4fbc7b0, 0x000001c1d4fbd250, 0x000001c1d6cce870,
0x000001c1d6ccb350, 0x000001c1d6cc8e20, 0x000001c1d6cc9370, 0x000001c1d6ccc890,
0x000001c1d6ccd880, 0x000001c1d6ccb8a0, 0x000001c1d6cc7e30, 0x000001c1d6cce320,
0x000001c1d6ccf310, 0x000001c1d6cc9e10, 0x000001c1d6cc98c0, 0x000001c1d5478130,
0x000001c1d5478680, 0x000001c1d547a110, 0x000001c1d5477690, 0x000001c1d5478bd0,
0x000001c1d547b100, 0x000001c1d547b650, 0x000001c1d6cc78e0, 0x000001c1d7db0410,
0x000001c1d8ce1730, 0x000001c1d8ce2c70, 0x000001c1d8cdf750, 0x000001c1d8ce21d0,
0x000001c1d7daa9c0, 0x000001c1d8cdfca0, 0x000001c1d8cddcc0, 0x000001c1d7dadee0,
0x000001c1d5477140, 0x000001c1d5479120, 0x000001c1d54756b0, 0x000001c1d5473c20,
0x000001c1d5479bc0, 0x000001c1d5476150, 0x000001c1d54766a0, 0x000001c1d547a660,
0x000001c1d547abb0
}

Java Threads: ( => current thread )
  0x000001c1b4a8f200 JavaThread "main" [_thread_blocked, id=14064, stack(0x00000072dd700000,0x00000072dd800000)]
  0x000001c1d44110b0 JavaThread "Reference Handler" daemon [_thread_blocked, id=18208, stack(0x00000072dde00000,0x00000072ddf00000)]
  0x000001c1d4411ea0 JavaThread "Finalizer" daemon [_thread_blocked, id=17572, stack(0x00000072ddf00000,0x00000072de000000)]
  0x000001c1d4416cb0 JavaThread "Signal Dispatcher" daemon [_thread_blocked, id=20472, stack(0x00000072de000000,0x00000072de100000)]
  0x000001c1d4418a70 JavaThread "Attach Listener" daemon [_thread_blocked, id=17584, stack(0x00000072de100000,0x00000072de200000)]
  0x000001c1d441b3b0 JavaThread "Service Thread" daemon [_thread_blocked, id=10668, stack(0x00000072de200000,0x00000072de300000)]
  0x000001c1d441bce0 JavaThread "Monitor Deflation Thread" daemon [_thread_blocked, id=44292, stack(0x00000072de300000,0x00000072de400000)]
=>0x000001c1d441ca10 JavaThread "C2 CompilerThread0" daemon [_thread_in_native, id=9840, stack(0x00000072de400000,0x00000072de500000)]
  0x000001c1d441e0c0 JavaThread "C1 CompilerThread0" daemon [_thread_blocked, id=35056, stack(0x00000072de500000,0x00000072de600000)]
  0x000001c1d44545c0 JavaThread "Sweeper thread" daemon [_thread_blocked, id=17252, stack(0x00000072de600000,0x00000072de700000)]
  0x000001c1d01631a0 JavaThread "Common-Cleaner" daemon [_thread_blocked, id=41660, stack(0x00000072de700000,0x00000072de800000)]
  0x000001c1d46d40a0 JavaThread "Notification Thread" daemon [_thread_blocked, id=2372, stack(0x00000072de800000,0x00000072de900000)]
  0x000001c1d57480b0 JavaThread "Daemon health stats" [_thread_blocked, id=37212, stack(0x00000072df100000,0x00000072df200000)]
  0x000001c1d5fe3080 JavaThread "Incoming local TCP Connector on port 55541" [_thread_in_native, id=34916, stack(0x00000072df200000,0x00000072df300000)]
  0x000001c1d5cdf040 JavaThread "Daemon periodic checks" [_thread_blocked, id=16964, stack(0x00000072df300000,0x00000072df400000)]
  0x000001c1d5eb47d0 JavaThread "Daemon" [_thread_blocked, id=1744, stack(0x00000072dea00000,0x00000072deb00000)]
  0x000001c1d58ddc60 JavaThread "Daemon worker" [_thread_blocked, id=35744, stack(0x00000072df500000,0x00000072df600000)]
  0x000001c1d4fbc7b0 JavaThread "Cache worker for journal cache (C:\Users\Sebas\.gradle\caches\journal-1)" [_thread_blocked, id=46540, stack(0x00000072df900000,0x00000072dfa00000)]
  0x000001c1d4fbd250 JavaThread "File lock request listener" [_thread_in_native, id=45440, stack(0x00000072dfa00000,0x00000072dfb00000)]
  0x000001c1d6cce870 JavaThread "Cache worker for file hash cache (C:\Users\Sebas\.gradle\caches\8.2\fileHashes)" [_thread_blocked, id=31412, stack(0x00000072dfc00000,0x00000072dfd00000)]
  0x000001c1d6ccb350 JavaThread "File watcher server" daemon [_thread_in_native, id=33552, stack(0x00000072dfe00000,0x00000072dff00000)]
  0x000001c1d6cc8e20 JavaThread "File watcher consumer" daemon [_thread_blocked, id=24136, stack(0x00000072dff00000,0x00000072e0000000)]
  0x000001c1d6cc9370 JavaThread "Cache worker for file content cache (C:\Users\Sebas\.gradle\caches\8.2\fileContent)" [_thread_blocked, id=28864, stack(0x00000072e0800000,0x00000072e0900000)]
  0x000001c1d6ccc890 JavaThread "Cache worker for execution history cache (C:\Users\Sebas\.gradle\caches\8.2\executionHistory)" [_thread_blocked, id=11352, stack(0x00000072e0b00000,0x00000072e0c00000)]
  0x000001c1d6ccd880 JavaThread "jar transforms" [_thread_blocked, id=15332, stack(0x00000072e0c00000,0x00000072e0d00000)]
  0x000001c1d6ccb8a0 JavaThread "jar transforms Thread 2" [_thread_blocked, id=36296, stack(0x00000072e0d00000,0x00000072e0e00000)]
  0x000001c1d6cc7e30 JavaThread "jar transforms Thread 3" [_thread_blocked, id=45744, stack(0x00000072e0e00000,0x00000072e0f00000)]
  0x000001c1d6cce320 JavaThread "jar transforms Thread 4" [_thread_blocked, id=28044, stack(0x00000072e0f00000,0x00000072e1000000)]
  0x000001c1d6ccf310 JavaThread "Cache worker for kotlin-dsl (C:\Users\Sebas\.gradle\caches\8.2\kotlin-dsl)" [_thread_blocked, id=42024, stack(0x00000072e1000000,0x00000072e1100000)]
  0x000001c1d6cc9e10 JavaThread "jar transforms Thread 5" [_thread_blocked, id=46612, stack(0x00000072e1100000,0x00000072e1200000)]
  0x000001c1d6cc98c0 JavaThread "jar transforms Thread 6" [_thread_blocked, id=2704, stack(0x00000072e1200000,0x00000072e1300000)]
  0x000001c1d5478130 JavaThread "jar transforms Thread 7" [_thread_blocked, id=41560, stack(0x00000072e1500000,0x00000072e1600000)]
  0x000001c1d5478680 JavaThread "jar transforms Thread 8" [_thread_blocked, id=45392, stack(0x00000072e1600000,0x00000072e1700000)]
  0x000001c1d547a110 JavaThread "Memory manager" [_thread_blocked, id=39784, stack(0x00000072e1700000,0x00000072e1800000)]
  0x000001c1d5477690 JavaThread "jar transforms Thread 9" [_thread_blocked, id=44820, stack(0x00000072dfd00000,0x00000072dfe00000)]
  0x000001c1d5478bd0 JavaThread "jar transforms Thread 10" [_thread_blocked, id=14072, stack(0x00000072e1800000,0x00000072e1900000)]
  0x000001c1d547b100 JavaThread "jar transforms Thread 11" [_thread_blocked, id=37456, stack(0x00000072e0a00000,0x00000072e0b00000)]
  0x000001c1d547b650 JavaThread "jar transforms Thread 12" [_thread_in_vm, id=10636, stack(0x00000072e1300000,0x00000072e1400000)]
  0x000001c1d6cc78e0 JavaThread "included builds" [_thread_blocked, id=31740, stack(0x00000072e1d00000,0x00000072e1e00000)]
  0x000001c1d7db0410 JavaThread "Exec process" [_thread_blocked, id=1564, stack(0x00000072e3b00000,0x00000072e3c00000)]
  0x000001c1d8ce1730 JavaThread "Exec process Thread 2" [_thread_blocked, id=23092, stack(0x00000072e3d00000,0x00000072e3e00000)]
  0x000001c1d8ce2c70 JavaThread "Exec process Thread 3" [_thread_blocked, id=26348, stack(0x00000072e3e00000,0x00000072e3f00000)]
  0x000001c1d8cdf750 JavaThread "Exec process Thread 4" [_thread_blocked, id=21368, stack(0x00000072e3f00000,0x00000072e4000000)]
  0x000001c1d8ce21d0 JavaThread "included builds" [_thread_blocked, id=43532, stack(0x00000072e1e00000,0x00000072e1f00000)]
  0x000001c1d7daa9c0 JavaThread "included builds" [_thread_blocked, id=25036, stack(0x00000072e1f00000,0x00000072e2000000)]
  0x000001c1d8cdfca0 JavaThread "included builds" [_thread_blocked, id=11620, stack(0x00000072e2200000,0x00000072e2300000)]
  0x000001c1d8cddcc0 JavaThread "included builds" [_thread_blocked, id=46796, stack(0x00000072e2300000,0x00000072e2400000)]
  0x000001c1d7dadee0 JavaThread "Cache worker for Java compile cache (C:\Users\Sebas\.gradle\caches\8.2\javaCompile)" [_thread_blocked, id=46224, stack(0x00000072e3600000,0x00000072e3700000)]
  0x000001c1d5477140 JavaThread "Handler for socket connection from /127.0.0.1:55541 to /127.0.0.1:55555" [_thread_in_native, id=35064, stack(0x00000072dd400000,0x00000072dd500000)]
  0x000001c1d5479120 JavaThread "Cancel handler" [_thread_blocked, id=12760, stack(0x00000072dd500000,0x00000072dd600000)]
  0x000001c1d54756b0 JavaThread "Asynchronous log dispatcher for DefaultDaemonConnection: socket connection from /127.0.0.1:55541 to /127.0.0.1:55555" [_thread_blocked, id=31776, stack(0x00000072dd600000,0x00000072dd700000)]
  0x000001c1d5473c20 JavaThread "Stdin handler" [_thread_blocked, id=14788, stack(0x00000072df600000,0x00000072df700000)]
  0x000001c1d5479bc0 JavaThread "Daemon client event forwarder" [_thread_blocked, id=7800, stack(0x00000072df700000,0x00000072df800000)]
  0x000001c1d5476150 JavaThread "Cache worker for checksums cache (D:\Desktop\Master of Science\1. Semester\Concepts of Programming Languages\GruppenProjekt\githubrepo\compiler\.gradle\8.2\checksums)" [_thread_blocked, id=36192, stack(0x00000072df800000,0x00000072df900000)]
  0x000001c1d54766a0 JavaThread "Cache worker for cache directory md-rule (C:\Users\Sebas\.gradle\caches\8.2\md-rule)" [_thread_blocked, id=44504, stack(0x00000072dfb00000,0x00000072dfc00000)]
  0x000001c1d547a660 JavaThread "Cache worker for file hash cache (D:\Desktop\Master of Science\1. Semester\Concepts of Programming Languages\GruppenProjekt\githubrepo\compiler\.gradle\8.2\fileHashes)" [_thread_blocked, id=23116, stack(0x00000072e0600000,0x00000072e0700000)]
  0x000001c1d547abb0 JavaThread "Cache worker for cache directory md-supplier (C:\Users\Sebas\.gradle\caches\8.2\md-supplier)" [_thread_blocked, id=10360, stack(0x00000072e0700000,0x00000072e0800000)]

Other Threads:
  0x000001c1d01741e0 VMThread "VM Thread" [stack: 0x00000072ddd00000,0x00000072dde00000] [id=21324]
  0x000001c1b4a900e0 WatcherThread "VM Periodic Task Thread" [stack: 0x00000072de900000,0x00000072dea00000] [id=46364]
  0x000001c1b4ac10e0 WorkerThread "GC Thread#0" [stack: 0x00000072dd800000,0x00000072dd900000] [id=2928]
  0x000001c1d4ff5400 WorkerThread "GC Thread#1" [stack: 0x00000072dec00000,0x00000072ded00000] [id=37512]
  0x000001c1d4ff56d0 WorkerThread "GC Thread#2" [stack: 0x00000072ded00000,0x00000072dee00000] [id=24900]
  0x000001c1d4ff45f0 WorkerThread "GC Thread#3" [stack: 0x00000072dee00000,0x00000072def00000] [id=43100]
  0x000001c1d4ff59a0 WorkerThread "GC Thread#4" [stack: 0x00000072def00000,0x00000072df000000] [id=46676]
  0x000001c1d4ff4e60 WorkerThread "GC Thread#5" [stack: 0x00000072df000000,0x00000072df100000] [id=38852]
  0x000001c1d66b5670 WorkerThread "GC Thread#6" [stack: 0x00000072e0000000,0x00000072e0100000] [id=22612]
  0x000001c1d66b6480 WorkerThread "GC Thread#7" [stack: 0x00000072e0100000,0x00000072e0200000] [id=23472]
  0x000001c1d66b7830 WorkerThread "GC Thread#8" [stack: 0x00000072e0200000,0x00000072e0300000] [id=25960]
  0x000001c1d66b53a0 WorkerThread "GC Thread#9" [stack: 0x00000072e0300000,0x00000072e0400000] [id=16800]
  0x000001c1b4ac6040 ConcurrentGCThread "G1 Main Marker" [stack: 0x00000072dd900000,0x00000072dda00000] [id=19408]
  0x000001c1b4ac7c20 WorkerThread "G1 Conc#0" [stack: 0x00000072dda00000,0x00000072ddb00000] [id=3516]
  0x000001c1d66b4590 WorkerThread "G1 Conc#1" [stack: 0x00000072e0400000,0x00000072e0500000] [id=32880]
  0x000001c1d66b4860 WorkerThread "G1 Conc#2" [stack: 0x00000072e0500000,0x00000072e0600000] [id=1960]
  0x000001c1b4b4ebc0 ConcurrentGCThread "G1 Refine#0" [stack: 0x00000072ddb00000,0x00000072ddc00000] [id=37208]
  0x000001c1d003a970 ConcurrentGCThread "G1 Service" [stack: 0x00000072ddc00000,0x00000072ddd00000] [id=13868]

Threads with active compile tasks:
C2 CompilerThread0    72105 10908       4       org.objectweb.asm.MethodVisitor::visitMethodInsn (80 bytes)

VM state: not at safepoint (normal execution)

VM Mutex/Monitor currently owned by a thread: None

Heap address: 0x00000000e0000000, size: 512 MB, Compressed Oops mode: 32-bit

CDS archive(s) mapped at: [0x0000000800000000-0x0000000800c40000-0x0000000800c40000), size 12845056, SharedBaseAddress: 0x0000000800000000, ArchiveRelocationMode: 0.
Compressed class space mapped at: 0x0000000801000000-0x0000000814400000, reserved size: 322961408
Narrow klass base: 0x0000000800000000, Narrow klass shift: 0, Narrow klass range: 0x100000000

GC Precious Log:
 CardTable entry size: 512
 Card Set container configuration: InlinePtr #cards 5 size 8 Array Of Cards #cards 12 size 40 Howl #buckets 4 coarsen threshold 1843 Howl Bitmap #cards 512 size 80 coarsen threshold 460 Card regions per heap region 1 cards per card region 2048
 CPUs: 12 total, 12 available
 Memory: 40802M
 Large Page Support: Disabled
 NUMA Support: Disabled
 Compressed Oops: Enabled (32-bit)
 Heap Region Size: 1M
 Heap Min Capacity: 256M
 Heap Initial Capacity: 256M
 Heap Max Capacity: 512M
 Pre-touch: Disabled
 Parallel Workers: 10
 Concurrent Workers: 3
 Concurrent Refinement Workers: 10
 Periodic GC: Disabled

Heap:
 garbage-first heap   total 262144K, used 75482K [0x00000000e0000000, 0x0000000100000000)
  region size 1024K, 24 young (24576K), 9 survivors (9216K)
 Metaspace       used 79577K, committed 81728K, reserved 446464K
  class space    used 10961K, committed 12096K, reserved 315392K

Heap Regions: E=young(eden), S=young(survivor), O=old, HS=humongous(starts), HC=humongous(continues), CS=collection set, F=free, OA=open archive, CA=closed archive, TAMS=top-at-mark-start (previous, next)
|   0|0x00000000e0000000, 0x00000000e0100000, 0x00000000e0100000|100%|HS|  |TAMS 0x00000000e0100000, 0x00000000e0000000| Complete 
|   1|0x00000000e0100000, 0x00000000e0200000, 0x00000000e0200000|100%|HC|  |TAMS 0x00000000e0200000, 0x00000000e0100000| Complete 
|   2|0x00000000e0200000, 0x00000000e0300000, 0x00000000e0300000|100%|HC|  |TAMS 0x00000000e0300000, 0x00000000e0200000| Complete 
|   3|0x00000000e0300000, 0x00000000e0400000, 0x00000000e0400000|100%|HC|  |TAMS 0x00000000e0400000, 0x00000000e0300000| Complete 
|   4|0x00000000e0400000, 0x00000000e0500000, 0x00000000e0500000|100%| O|  |TAMS 0x00000000e0500000, 0x00000000e0400000| Untracked 
|   5|0x00000000e0500000, 0x00000000e0600000, 0x00000000e0600000|100%| O|  |TAMS 0x00000000e0600000, 0x00000000e0500000| Untracked 
|   6|0x00000000e0600000, 0x00000000e0700000, 0x00000000e0700000|100%| O|  |TAMS 0x00000000e0700000, 0x00000000e0600000| Untracked 
|   7|0x00000000e0700000, 0x00000000e0800000, 0x00000000e0800000|100%| O|  |TAMS 0x00000000e0800000, 0x00000000e0700000| Untracked 
|   8|0x00000000e0800000, 0x00000000e0900000, 0x00000000e0900000|100%| O|  |TAMS 0x00000000e0900000, 0x00000000e0800000| Untracked 
|   9|0x00000000e0900000, 0x00000000e0a00000, 0x00000000e0a00000|100%| O|  |TAMS 0x00000000e0900000, 0x00000000e0900000| Untracked 
|  10|0x00000000e0a00000, 0x00000000e0b00000, 0x00000000e0b00000|100%| O|  |TAMS 0x00000000e0b00000, 0x00000000e0a00000| Untracked 
|  11|0x00000000e0b00000, 0x00000000e0c00000, 0x00000000e0c00000|100%| O|  |TAMS 0x00000000e0c00000, 0x00000000e0b00000| Untracked 
|  12|0x00000000e0c00000, 0x00000000e0d00000, 0x00000000e0d00000|100%| O|  |TAMS 0x00000000e0d00000, 0x00000000e0c00000| Untracked 
|  13|0x00000000e0d00000, 0x00000000e0e00000, 0x00000000e0e00000|100%| O|  |TAMS 0x00000000e0e00000, 0x00000000e0d00000| Untracked 
|  14|0x00000000e0e00000, 0x00000000e0f00000, 0x00000000e0f00000|100%| O|  |TAMS 0x00000000e0f00000, 0x00000000e0e00000| Untracked 
|  15|0x00000000e0f00000, 0x00000000e1000000, 0x00000000e1000000|100%| O|  |TAMS 0x00000000e1000000, 0x00000000e0f00000| Untracked 
|  16|0x00000000e1000000, 0x00000000e1100000, 0x00000000e1100000|100%| O|  |TAMS 0x00000000e1100000, 0x00000000e1000000| Untracked 
|  17|0x00000000e1100000, 0x00000000e1200000, 0x00000000e1200000|100%| O|  |TAMS 0x00000000e1200000, 0x00000000e1100000| Untracked 
|  18|0x00000000e1200000, 0x00000000e1300000, 0x00000000e1300000|100%| O|  |TAMS 0x00000000e1300000, 0x00000000e1200000| Untracked 
|  19|0x00000000e1300000, 0x00000000e1400000, 0x00000000e1400000|100%| O|  |TAMS 0x00000000e1400000, 0x00000000e1300000| Untracked 
|  20|0x00000000e1400000, 0x00000000e1500000, 0x00000000e1500000|100%| O|  |TAMS 0x00000000e1500000, 0x00000000e1400000| Untracked 
|  21|0x00000000e1500000, 0x00000000e1600000, 0x00000000e1600000|100%| O|  |TAMS 0x00000000e1600000, 0x00000000e1500000| Untracked 
|  22|0x00000000e1600000, 0x00000000e1700000, 0x00000000e1700000|100%| O|  |TAMS 0x00000000e1700000, 0x00000000e1600000| Untracked 
|  23|0x00000000e1700000, 0x00000000e1800000, 0x00000000e1800000|100%| O|  |TAMS 0x00000000e1800000, 0x00000000e1700000| Untracked 
|  24|0x00000000e1800000, 0x00000000e1900000, 0x00000000e1900000|100%| O|  |TAMS 0x00000000e1900000, 0x00000000e1800000| Untracked 
|  25|0x00000000e1900000, 0x00000000e1a00000, 0x00000000e1a00000|100%| O|  |TAMS 0x00000000e1a00000, 0x00000000e1900000| Untracked 
|  26|0x00000000e1a00000, 0x00000000e1b00000, 0x00000000e1b00000|100%| O|  |TAMS 0x00000000e1b00000, 0x00000000e1a00000| Untracked 
|  27|0x00000000e1b00000, 0x00000000e1c00000, 0x00000000e1c00000|100%| O|  |TAMS 0x00000000e1c00000, 0x00000000e1b00000| Untracked 
|  28|0x00000000e1c00000, 0x00000000e1d00000, 0x00000000e1d00000|100%| O|  |TAMS 0x00000000e1d00000, 0x00000000e1c00000| Untracked 
|  29|0x00000000e1d00000, 0x00000000e1e00000, 0x00000000e1e00000|100%| O|  |TAMS 0x00000000e1dccc00, 0x00000000e1d00000| Untracked 
|  30|0x00000000e1e00000, 0x00000000e1f00000, 0x00000000e1f00000|100%| O|  |TAMS 0x00000000e1e00000, 0x00000000e1e00000| Untracked 
|  31|0x00000000e1f00000, 0x00000000e2000000, 0x00000000e2000000|100%| O|  |TAMS 0x00000000e1f00000, 0x00000000e1f00000| Untracked 
|  32|0x00000000e2000000, 0x00000000e2100000, 0x00000000e2100000|100%| O|  |TAMS 0x00000000e2000000, 0x00000000e2000000| Untracked 
|  33|0x00000000e2100000, 0x00000000e2200000, 0x00000000e2200000|100%| O|  |TAMS 0x00000000e2100000, 0x00000000e2100000| Untracked 
|  34|0x00000000e2200000, 0x00000000e2300000, 0x00000000e2300000|100%| O|  |TAMS 0x00000000e2200000, 0x00000000e2200000| Untracked 
|  35|0x00000000e2300000, 0x00000000e2400000, 0x00000000e2400000|100%| O|  |TAMS 0x00000000e2300000, 0x00000000e2300000| Untracked 
|  36|0x00000000e2400000, 0x00000000e2500000, 0x00000000e2500000|100%| O|  |TAMS 0x00000000e2400000, 0x00000000e2400000| Untracked 
|  37|0x00000000e2500000, 0x00000000e2600000, 0x00000000e2600000|100%| O|  |TAMS 0x00000000e2500000, 0x00000000e2500000| Untracked 
|  38|0x00000000e2600000, 0x00000000e2700000, 0x00000000e2700000|100%| O|  |TAMS 0x00000000e2600000, 0x00000000e2600000| Untracked 
|  39|0x00000000e2700000, 0x00000000e2800000, 0x00000000e2800000|100%| O|  |TAMS 0x00000000e2700000, 0x00000000e2700000| Untracked 
|  40|0x00000000e2800000, 0x00000000e2900000, 0x00000000e2900000|100%| O|  |TAMS 0x00000000e2800000, 0x00000000e2800000| Untracked 
|  41|0x00000000e2900000, 0x00000000e2a00000, 0x00000000e2a00000|100%| O|  |TAMS 0x00000000e2900000, 0x00000000e2900000| Untracked 
|  42|0x00000000e2a00000, 0x00000000e2b00000, 0x00000000e2b00000|100%| O|  |TAMS 0x00000000e2a00000, 0x00000000e2a00000| Untracked 
|  43|0x00000000e2b00000, 0x00000000e2c00000, 0x00000000e2c00000|100%| O|  |TAMS 0x00000000e2b00000, 0x00000000e2b00000| Untracked 
|  44|0x00000000e2c00000, 0x00000000e2d00000, 0x00000000e2d00000|100%| O|  |TAMS 0x00000000e2c00000, 0x00000000e2c00000| Untracked 
|  45|0x00000000e2d00000, 0x00000000e2e00000, 0x00000000e2e00000|100%| O|  |TAMS 0x00000000e2d00000, 0x00000000e2d00000| Untracked 
|  46|0x00000000e2e00000, 0x00000000e2f00000, 0x00000000e2f00000|100%| O|  |TAMS 0x00000000e2e00000, 0x00000000e2e00000| Untracked 
|  47|0x00000000e2f00000, 0x00000000e3000000, 0x00000000e3000000|100%| O|  |TAMS 0x00000000e2f00000, 0x00000000e2f00000| Untracked 
|  48|0x00000000e3000000, 0x00000000e3100000, 0x00000000e3100000|100%| O|  |TAMS 0x00000000e3000000, 0x00000000e3000000| Untracked 
|  49|0x00000000e3100000, 0x00000000e3200000, 0x00000000e3200000|100%| O|  |TAMS 0x00000000e3100000, 0x00000000e3100000| Untracked 
|  50|0x00000000e3200000, 0x00000000e3300000, 0x00000000e3300000|100%| O|  |TAMS 0x00000000e3200000, 0x00000000e3200000| Untracked 
|  51|0x00000000e3300000, 0x00000000e3400000, 0x00000000e3400000|100%| O|  |TAMS 0x00000000e3300000, 0x00000000e3300000| Untracked 
|  52|0x00000000e3400000, 0x00000000e343da00, 0x00000000e3500000| 24%| O|  |TAMS 0x00000000e3400000, 0x00000000e3400000| Untracked 
|  53|0x00000000e3500000, 0x00000000e3500000, 0x00000000e3600000|  0%| F|  |TAMS 0x00000000e3500000, 0x00000000e3500000| Untracked 
|  54|0x00000000e3600000, 0x00000000e3600000, 0x00000000e3700000|  0%| F|  |TAMS 0x00000000e3600000, 0x00000000e3600000| Untracked 
|  55|0x00000000e3700000, 0x00000000e3700000, 0x00000000e3800000|  0%| F|  |TAMS 0x00000000e3700000, 0x00000000e3700000| Untracked 
|  56|0x00000000e3800000, 0x00000000e3800000, 0x00000000e3900000|  0%| F|  |TAMS 0x00000000e3800000, 0x00000000e3800000| Untracked 
|  57|0x00000000e3900000, 0x00000000e3900000, 0x00000000e3a00000|  0%| F|  |TAMS 0x00000000e3900000, 0x00000000e3900000| Untracked 
|  58|0x00000000e3a00000, 0x00000000e3a00000, 0x00000000e3b00000|  0%| F|  |TAMS 0x00000000e3a00000, 0x00000000e3a00000| Untracked 
|  59|0x00000000e3b00000, 0x00000000e3b00000, 0x00000000e3c00000|  0%| F|  |TAMS 0x00000000e3b00000, 0x00000000e3b00000| Untracked 
|  60|0x00000000e3c00000, 0x00000000e3c00000, 0x00000000e3d00000|  0%| F|  |TAMS 0x00000000e3c00000, 0x00000000e3c00000| Untracked 
|  61|0x00000000e3d00000, 0x00000000e3d00000, 0x00000000e3e00000|  0%| F|  |TAMS 0x00000000e3d00000, 0x00000000e3d00000| Untracked 
|  62|0x00000000e3e00000, 0x00000000e3e00000, 0x00000000e3f00000|  0%| F|  |TAMS 0x00000000e3e00000, 0x00000000e3e00000| Untracked 
|  63|0x00000000e3f00000, 0x00000000e3f00000, 0x00000000e4000000|  0%| F|  |TAMS 0x00000000e3f00000, 0x00000000e3f00000| Untracked 
|  64|0x00000000e4000000, 0x00000000e4000000, 0x00000000e4100000|  0%| F|  |TAMS 0x00000000e4000000, 0x00000000e4000000| Untracked 
|  65|0x00000000e4100000, 0x00000000e4100000, 0x00000000e4200000|  0%| F|  |TAMS 0x00000000e4100000, 0x00000000e4100000| Untracked 
|  66|0x00000000e4200000, 0x00000000e4200000, 0x00000000e4300000|  0%| F|  |TAMS 0x00000000e4200000, 0x00000000e4200000| Untracked 
|  67|0x00000000e4300000, 0x00000000e4300000, 0x00000000e4400000|  0%| F|  |TAMS 0x00000000e4300000, 0x00000000e4300000| Untracked 
|  68|0x00000000e4400000, 0x00000000e4400000, 0x00000000e4500000|  0%| F|  |TAMS 0x00000000e4400000, 0x00000000e4400000| Untracked 
|  69|0x00000000e4500000, 0x00000000e4500000, 0x00000000e4600000|  0%| F|  |TAMS 0x00000000e4500000, 0x00000000e4500000| Untracked 
|  70|0x00000000e4600000, 0x00000000e4600000, 0x00000000e4700000|  0%| F|  |TAMS 0x00000000e4600000, 0x00000000e4600000| Untracked 
|  71|0x00000000e4700000, 0x00000000e4700000, 0x00000000e4800000|  0%| F|  |TAMS 0x00000000e4700000, 0x00000000e4700000| Untracked 
|  72|0x00000000e4800000, 0x00000000e4800000, 0x00000000e4900000|  0%| F|  |TAMS 0x00000000e4800000, 0x00000000e4800000| Untracked 
|  73|0x00000000e4900000, 0x00000000e4900000, 0x00000000e4a00000|  0%| F|  |TAMS 0x00000000e4900000, 0x00000000e4900000| Untracked 
|  74|0x00000000e4a00000, 0x00000000e4a00000, 0x00000000e4b00000|  0%| F|  |TAMS 0x00000000e4a00000, 0x00000000e4a00000| Untracked 
|  75|0x00000000e4b00000, 0x00000000e4b00000, 0x00000000e4c00000|  0%| F|  |TAMS 0x00000000e4b00000, 0x00000000e4b00000| Untracked 
|  76|0x00000000e4c00000, 0x00000000e4c00000, 0x00000000e4d00000|  0%| F|  |TAMS 0x00000000e4c00000, 0x00000000e4c00000| Untracked 
|  77|0x00000000e4d00000, 0x00000000e4d00000, 0x00000000e4e00000|  0%| F|  |TAMS 0x00000000e4d00000, 0x00000000e4d00000| Untracked 
|  78|0x00000000e4e00000, 0x00000000e4e00000, 0x00000000e4f00000|  0%| F|  |TAMS 0x00000000e4e00000, 0x00000000e4e00000| Untracked 
|  79|0x00000000e4f00000, 0x00000000e4f00000, 0x00000000e5000000|  0%| F|  |TAMS 0x00000000e4f00000, 0x00000000e4f00000| Untracked 
|  80|0x00000000e5000000, 0x00000000e5000000, 0x00000000e5100000|  0%| F|  |TAMS 0x00000000e5000000, 0x00000000e5000000| Untracked 
|  81|0x00000000e5100000, 0x00000000e5100000, 0x00000000e5200000|  0%| F|  |TAMS 0x00000000e5100000, 0x00000000e5100000| Untracked 
|  82|0x00000000e5200000, 0x00000000e5200000, 0x00000000e5300000|  0%| F|  |TAMS 0x00000000e5200000, 0x00000000e5200000| Untracked 
|  83|0x00000000e5300000, 0x00000000e5300000, 0x00000000e5400000|  0%| F|  |TAMS 0x00000000e5300000, 0x00000000e5300000| Untracked 
|  84|0x00000000e5400000, 0x00000000e5400000, 0x00000000e5500000|  0%| F|  |TAMS 0x00000000e5400000, 0x00000000e5400000| Untracked 
|  85|0x00000000e5500000, 0x00000000e5500000, 0x00000000e5600000|  0%| F|  |TAMS 0x00000000e5500000, 0x00000000e5500000| Untracked 
|  86|0x00000000e5600000, 0x00000000e5600000, 0x00000000e5700000|  0%| F|  |TAMS 0x00000000e5600000, 0x00000000e5600000| Untracked 
|  87|0x00000000e5700000, 0x00000000e5700000, 0x00000000e5800000|  0%| F|  |TAMS 0x00000000e5700000, 0x00000000e5700000| Untracked 
|  88|0x00000000e5800000, 0x00000000e5800000, 0x00000000e5900000|  0%| F|  |TAMS 0x00000000e5800000, 0x00000000e5800000| Untracked 
|  89|0x00000000e5900000, 0x00000000e5900000, 0x00000000e5a00000|  0%| F|  |TAMS 0x00000000e5900000, 0x00000000e5900000| Untracked 
|  90|0x00000000e5a00000, 0x00000000e5a00000, 0x00000000e5b00000|  0%| F|  |TAMS 0x00000000e5a00000, 0x00000000e5a00000| Untracked 
|  91|0x00000000e5b00000, 0x00000000e5b00000, 0x00000000e5c00000|  0%| F|  |TAMS 0x00000000e5b00000, 0x00000000e5b00000| Untracked 
|  92|0x00000000e5c00000, 0x00000000e5c00000, 0x00000000e5d00000|  0%| F|  |TAMS 0x00000000e5c00000, 0x00000000e5c00000| Untracked 
|  93|0x00000000e5d00000, 0x00000000e5d00000, 0x00000000e5e00000|  0%| F|  |TAMS 0x00000000e5d00000, 0x00000000e5d00000| Untracked 
|  94|0x00000000e5e00000, 0x00000000e5e00000, 0x00000000e5f00000|  0%| F|  |TAMS 0x00000000e5e00000, 0x00000000e5e00000| Untracked 
|  95|0x00000000e5f00000, 0x00000000e5f00000, 0x00000000e6000000|  0%| F|  |TAMS 0x00000000e5f00000, 0x00000000e5f00000| Untracked 
|  96|0x00000000e6000000, 0x00000000e6000000, 0x00000000e6100000|  0%| F|  |TAMS 0x00000000e6000000, 0x00000000e6000000| Untracked 
|  97|0x00000000e6100000, 0x00000000e6100000, 0x00000000e6200000|  0%| F|  |TAMS 0x00000000e6100000, 0x00000000e6100000| Untracked 
|  98|0x00000000e6200000, 0x00000000e6200000, 0x00000000e6300000|  0%| F|  |TAMS 0x00000000e6200000, 0x00000000e6200000| Untracked 
|  99|0x00000000e6300000, 0x00000000e6300000, 0x00000000e6400000|  0%| F|  |TAMS 0x00000000e6300000, 0x00000000e6300000| Untracked 
| 100|0x00000000e6400000, 0x00000000e6400000, 0x00000000e6500000|  0%| F|  |TAMS 0x00000000e6400000, 0x00000000e6400000| Untracked 
| 101|0x00000000e6500000, 0x00000000e6500000, 0x00000000e6600000|  0%| F|  |TAMS 0x00000000e6500000, 0x00000000e6500000| Untracked 
| 102|0x00000000e6600000, 0x00000000e6600000, 0x00000000e6700000|  0%| F|  |TAMS 0x00000000e6600000, 0x00000000e6600000| Untracked 
| 103|0x00000000e6700000, 0x00000000e6700000, 0x00000000e6800000|  0%| F|  |TAMS 0x00000000e6700000, 0x00000000e6700000| Untracked 
| 104|0x00000000e6800000, 0x00000000e6800000, 0x00000000e6900000|  0%| F|  |TAMS 0x00000000e6800000, 0x00000000e6800000| Untracked 
| 105|0x00000000e6900000, 0x00000000e6900000, 0x00000000e6a00000|  0%| F|  |TAMS 0x00000000e6900000, 0x00000000e6900000| Untracked 
| 106|0x00000000e6a00000, 0x00000000e6a00000, 0x00000000e6b00000|  0%| F|  |TAMS 0x00000000e6a00000, 0x00000000e6a00000| Untracked 
| 107|0x00000000e6b00000, 0x00000000e6b00000, 0x00000000e6c00000|  0%| F|  |TAMS 0x00000000e6b00000, 0x00000000e6b00000| Untracked 
| 108|0x00000000e6c00000, 0x00000000e6c00000, 0x00000000e6d00000|  0%| F|  |TAMS 0x00000000e6c00000, 0x00000000e6c00000| Untracked 
| 109|0x00000000e6d00000, 0x00000000e6d00000, 0x00000000e6e00000|  0%| F|  |TAMS 0x00000000e6d00000, 0x00000000e6d00000| Untracked 
| 110|0x00000000e6e00000, 0x00000000e6e791d0, 0x00000000e6f00000| 47%| S|CS|TAMS 0x00000000e6e00000, 0x00000000e6e00000| Complete 
| 111|0x00000000e6f00000, 0x00000000e7000000, 0x00000000e7000000|100%| S|CS|TAMS 0x00000000e6f00000, 0x00000000e6f00000| Complete 
| 112|0x00000000e7000000, 0x00000000e7100000, 0x00000000e7100000|100%| S|CS|TAMS 0x00000000e7000000, 0x00000000e7000000| Complete 
| 113|0x00000000e7100000, 0x00000000e7200000, 0x00000000e7200000|100%| S|CS|TAMS 0x00000000e7100000, 0x00000000e7100000| Complete 
| 114|0x00000000e7200000, 0x00000000e7300000, 0x00000000e7300000|100%| S|CS|TAMS 0x00000000e7200000, 0x00000000e7200000| Complete 
| 115|0x00000000e7300000, 0x00000000e7400000, 0x00000000e7400000|100%| S|CS|TAMS 0x00000000e7300000, 0x00000000e7300000| Complete 
| 116|0x00000000e7400000, 0x00000000e7500000, 0x00000000e7500000|100%| S|CS|TAMS 0x00000000e7400000, 0x00000000e7400000| Complete 
| 117|0x00000000e7500000, 0x00000000e7600000, 0x00000000e7600000|100%| S|CS|TAMS 0x00000000e7500000, 0x00000000e7500000| Complete 
| 118|0x00000000e7600000, 0x00000000e7700000, 0x00000000e7700000|100%| S|CS|TAMS 0x00000000e7600000, 0x00000000e7600000| Complete 
| 119|0x00000000e7700000, 0x00000000e7700000, 0x00000000e7800000|  0%| F|  |TAMS 0x00000000e7700000, 0x00000000e7700000| Untracked 
| 120|0x00000000e7800000, 0x00000000e7800000, 0x00000000e7900000|  0%| F|  |TAMS 0x00000000e7800000, 0x00000000e7800000| Untracked 
| 121|0x00000000e7900000, 0x00000000e7900000, 0x00000000e7a00000|  0%| F|  |TAMS 0x00000000e7900000, 0x00000000e7900000| Untracked 
| 122|0x00000000e7a00000, 0x00000000e7a00000, 0x00000000e7b00000|  0%| F|  |TAMS 0x00000000e7a00000, 0x00000000e7a00000| Untracked 
| 123|0x00000000e7b00000, 0x00000000e7b00000, 0x00000000e7c00000|  0%| F|  |TAMS 0x00000000e7b00000, 0x00000000e7b00000| Untracked 
| 124|0x00000000e7c00000, 0x00000000e7c00000, 0x00000000e7d00000|  0%| F|  |TAMS 0x00000000e7c00000, 0x00000000e7c00000| Untracked 
| 125|0x00000000e7d00000, 0x00000000e7d00000, 0x00000000e7e00000|  0%| F|  |TAMS 0x00000000e7d00000, 0x00000000e7d00000| Untracked 
| 126|0x00000000e7e00000, 0x00000000e7e00000, 0x00000000e7f00000|  0%| F|  |TAMS 0x00000000e7e00000, 0x00000000e7e00000| Untracked 
| 127|0x00000000e7f00000, 0x00000000e7f00000, 0x00000000e8000000|  0%| F|  |TAMS 0x00000000e7f00000, 0x00000000e7f00000| Untracked 
| 128|0x00000000e8000000, 0x00000000e8000000, 0x00000000e8100000|  0%| F|  |TAMS 0x00000000e8000000, 0x00000000e8000000| Untracked 
| 129|0x00000000e8100000, 0x00000000e8100000, 0x00000000e8200000|  0%| F|  |TAMS 0x00000000e8100000, 0x00000000e8100000| Untracked 
| 130|0x00000000e8200000, 0x00000000e8200000, 0x00000000e8300000|  0%| F|  |TAMS 0x00000000e8200000, 0x00000000e8200000| Untracked 
| 131|0x00000000e8300000, 0x00000000e8300000, 0x00000000e8400000|  0%| F|  |TAMS 0x00000000e8300000, 0x00000000e8300000| Untracked 
| 132|0x00000000e8400000, 0x00000000e8400000, 0x00000000e8500000|  0%| F|  |TAMS 0x00000000e8400000, 0x00000000e8400000| Untracked 
| 133|0x00000000e8500000, 0x00000000e8500000, 0x00000000e8600000|  0%| F|  |TAMS 0x00000000e8500000, 0x00000000e8500000| Untracked 
| 134|0x00000000e8600000, 0x00000000e8600000, 0x00000000e8700000|  0%| F|  |TAMS 0x00000000e8600000, 0x00000000e8600000| Untracked 
| 135|0x00000000e8700000, 0x00000000e8700000, 0x00000000e8800000|  0%| F|  |TAMS 0x00000000e8700000, 0x00000000e8700000| Untracked 
| 136|0x00000000e8800000, 0x00000000e8800000, 0x00000000e8900000|  0%| F|  |TAMS 0x00000000e8800000, 0x00000000e8800000| Untracked 
| 137|0x00000000e8900000, 0x00000000e8900000, 0x00000000e8a00000|  0%| F|  |TAMS 0x00000000e8900000, 0x00000000e8900000| Untracked 
| 138|0x00000000e8a00000, 0x00000000e8a00000, 0x00000000e8b00000|  0%| F|  |TAMS 0x00000000e8a00000, 0x00000000e8a00000| Untracked 
| 139|0x00000000e8b00000, 0x00000000e8b00000, 0x00000000e8c00000|  0%| F|  |TAMS 0x00000000e8b00000, 0x00000000e8b00000| Untracked 
| 140|0x00000000e8c00000, 0x00000000e8c00000, 0x00000000e8d00000|  0%| F|  |TAMS 0x00000000e8c00000, 0x00000000e8c00000| Untracked 
| 141|0x00000000e8d00000, 0x00000000e8d00000, 0x00000000e8e00000|  0%| F|  |TAMS 0x00000000e8d00000, 0x00000000e8d00000| Untracked 
| 142|0x00000000e8e00000, 0x00000000e8e00000, 0x00000000e8f00000|  0%| F|  |TAMS 0x00000000e8e00000, 0x00000000e8e00000| Untracked 
| 143|0x00000000e8f00000, 0x00000000e8f00000, 0x00000000e9000000|  0%| F|  |TAMS 0x00000000e8f00000, 0x00000000e8f00000| Untracked 
| 144|0x00000000e9000000, 0x00000000e9000000, 0x00000000e9100000|  0%| F|  |TAMS 0x00000000e9000000, 0x00000000e9000000| Untracked 
| 145|0x00000000e9100000, 0x00000000e9100000, 0x00000000e9200000|  0%| F|  |TAMS 0x00000000e9100000, 0x00000000e9100000| Untracked 
| 146|0x00000000e9200000, 0x00000000e9200000, 0x00000000e9300000|  0%| F|  |TAMS 0x00000000e9200000, 0x00000000e9200000| Untracked 
| 147|0x00000000e9300000, 0x00000000e9300000, 0x00000000e9400000|  0%| F|  |TAMS 0x00000000e9300000, 0x00000000e9300000| Untracked 
| 148|0x00000000e9400000, 0x00000000e9400000, 0x00000000e9500000|  0%| F|  |TAMS 0x00000000e9400000, 0x00000000e9400000| Untracked 
| 149|0x00000000e9500000, 0x00000000e9500000, 0x00000000e9600000|  0%| F|  |TAMS 0x00000000e9500000, 0x00000000e9500000| Untracked 
| 150|0x00000000e9600000, 0x00000000e9600000, 0x00000000e9700000|  0%| F|  |TAMS 0x00000000e9600000, 0x00000000e9600000| Untracked 
| 151|0x00000000e9700000, 0x00000000e9700000, 0x00000000e9800000|  0%| F|  |TAMS 0x00000000e9700000, 0x00000000e9700000| Untracked 
| 152|0x00000000e9800000, 0x00000000e9800000, 0x00000000e9900000|  0%| F|  |TAMS 0x00000000e9800000, 0x00000000e9800000| Untracked 
| 153|0x00000000e9900000, 0x00000000e9900000, 0x00000000e9a00000|  0%| F|  |TAMS 0x00000000e9900000, 0x00000000e9900000| Untracked 
| 154|0x00000000e9a00000, 0x00000000e9a00000, 0x00000000e9b00000|  0%| F|  |TAMS 0x00000000e9a00000, 0x00000000e9a00000| Untracked 
| 155|0x00000000e9b00000, 0x00000000e9b00000, 0x00000000e9c00000|  0%| F|  |TAMS 0x00000000e9b00000, 0x00000000e9b00000| Untracked 
| 156|0x00000000e9c00000, 0x00000000e9c00000, 0x00000000e9d00000|  0%| F|  |TAMS 0x00000000e9c00000, 0x00000000e9c00000| Untracked 
| 157|0x00000000e9d00000, 0x00000000e9d00000, 0x00000000e9e00000|  0%| F|  |TAMS 0x00000000e9d00000, 0x00000000e9d00000| Untracked 
| 158|0x00000000e9e00000, 0x00000000e9e00000, 0x00000000e9f00000|  0%| F|  |TAMS 0x00000000e9e00000, 0x00000000e9e00000| Untracked 
| 159|0x00000000e9f00000, 0x00000000e9f00000, 0x00000000ea000000|  0%| F|  |TAMS 0x00000000e9f00000, 0x00000000e9f00000| Untracked 
| 160|0x00000000ea000000, 0x00000000ea000000, 0x00000000ea100000|  0%| F|  |TAMS 0x00000000ea000000, 0x00000000ea000000| Untracked 
| 161|0x00000000ea100000, 0x00000000ea100000, 0x00000000ea200000|  0%| F|  |TAMS 0x00000000ea100000, 0x00000000ea100000| Untracked 
| 162|0x00000000ea200000, 0x00000000ea200000, 0x00000000ea300000|  0%| F|  |TAMS 0x00000000ea200000, 0x00000000ea200000| Untracked 
| 163|0x00000000ea300000, 0x00000000ea300000, 0x00000000ea400000|  0%| F|  |TAMS 0x00000000ea300000, 0x00000000ea300000| Untracked 
| 164|0x00000000ea400000, 0x00000000ea400000, 0x00000000ea500000|  0%| F|  |TAMS 0x00000000ea400000, 0x00000000ea400000| Untracked 
| 165|0x00000000ea500000, 0x00000000ea500000, 0x00000000ea600000|  0%| F|  |TAMS 0x00000000ea500000, 0x00000000ea500000| Untracked 
| 166|0x00000000ea600000, 0x00000000ea600000, 0x00000000ea700000|  0%| F|  |TAMS 0x00000000ea600000, 0x00000000ea600000| Untracked 
| 167|0x00000000ea700000, 0x00000000ea700000, 0x00000000ea800000|  0%| F|  |TAMS 0x00000000ea700000, 0x00000000ea700000| Untracked 
| 168|0x00000000ea800000, 0x00000000ea800000, 0x00000000ea900000|  0%| F|  |TAMS 0x00000000ea800000, 0x00000000ea800000| Untracked 
| 169|0x00000000ea900000, 0x00000000ea900000, 0x00000000eaa00000|  0%| F|  |TAMS 0x00000000ea900000, 0x00000000ea900000| Untracked 
| 170|0x00000000eaa00000, 0x00000000eaa00000, 0x00000000eab00000|  0%| F|  |TAMS 0x00000000eaa00000, 0x00000000eaa00000| Untracked 
| 171|0x00000000eab00000, 0x00000000eab00000, 0x00000000eac00000|  0%| F|  |TAMS 0x00000000eab00000, 0x00000000eab00000| Untracked 
| 172|0x00000000eac00000, 0x00000000eac00000, 0x00000000ead00000|  0%| F|  |TAMS 0x00000000eac00000, 0x00000000eac00000| Untracked 
| 173|0x00000000ead00000, 0x00000000ead00000, 0x00000000eae00000|  0%| F|  |TAMS 0x00000000ead00000, 0x00000000ead00000| Untracked 
| 174|0x00000000eae00000, 0x00000000eae00000, 0x00000000eaf00000|  0%| F|  |TAMS 0x00000000eae00000, 0x00000000eae00000| Untracked 
| 175|0x00000000eaf00000, 0x00000000eaf00000, 0x00000000eb000000|  0%| F|  |TAMS 0x00000000eaf00000, 0x00000000eaf00000| Untracked 
| 176|0x00000000eb000000, 0x00000000eb000000, 0x00000000eb100000|  0%| F|  |TAMS 0x00000000eb000000, 0x00000000eb000000| Untracked 
| 177|0x00000000eb100000, 0x00000000eb100000, 0x00000000eb200000|  0%| F|  |TAMS 0x00000000eb100000, 0x00000000eb100000| Untracked 
| 178|0x00000000eb200000, 0x00000000eb200000, 0x00000000eb300000|  0%| F|  |TAMS 0x00000000eb200000, 0x00000000eb200000| Untracked 
| 179|0x00000000eb300000, 0x00000000eb300000, 0x00000000eb400000|  0%| F|  |TAMS 0x00000000eb300000, 0x00000000eb300000| Untracked 
| 180|0x00000000eb400000, 0x00000000eb400000, 0x00000000eb500000|  0%| F|  |TAMS 0x00000000eb400000, 0x00000000eb400000| Untracked 
| 181|0x00000000eb500000, 0x00000000eb500000, 0x00000000eb600000|  0%| F|  |TAMS 0x00000000eb500000, 0x00000000eb500000| Untracked 
| 182|0x00000000eb600000, 0x00000000eb600000, 0x00000000eb700000|  0%| F|  |TAMS 0x00000000eb600000, 0x00000000eb600000| Untracked 
| 183|0x00000000eb700000, 0x00000000eb700000, 0x00000000eb800000|  0%| F|  |TAMS 0x00000000eb700000, 0x00000000eb700000| Untracked 
| 184|0x00000000eb800000, 0x00000000eb800000, 0x00000000eb900000|  0%| F|  |TAMS 0x00000000eb800000, 0x00000000eb800000| Untracked 
| 185|0x00000000eb900000, 0x00000000eb900000, 0x00000000eba00000|  0%| F|  |TAMS 0x00000000eb900000, 0x00000000eb900000| Untracked 
| 186|0x00000000eba00000, 0x00000000eba00000, 0x00000000ebb00000|  0%| F|  |TAMS 0x00000000eba00000, 0x00000000eba00000| Untracked 
| 187|0x00000000ebb00000, 0x00000000ebb00000, 0x00000000ebc00000|  0%| F|  |TAMS 0x00000000ebb00000, 0x00000000ebb00000| Untracked 
| 188|0x00000000ebc00000, 0x00000000ebc00000, 0x00000000ebd00000|  0%| F|  |TAMS 0x00000000ebc00000, 0x00000000ebc00000| Untracked 
| 189|0x00000000ebd00000, 0x00000000ebd00000, 0x00000000ebe00000|  0%| F|  |TAMS 0x00000000ebd00000, 0x00000000ebd00000| Untracked 
| 190|0x00000000ebe00000, 0x00000000ebe00000, 0x00000000ebf00000|  0%| F|  |TAMS 0x00000000ebe00000, 0x00000000ebe00000| Untracked 
| 191|0x00000000ebf00000, 0x00000000ebf00000, 0x00000000ec000000|  0%| F|  |TAMS 0x00000000ebf00000, 0x00000000ebf00000| Untracked 
| 192|0x00000000ec000000, 0x00000000ec000000, 0x00000000ec100000|  0%| F|  |TAMS 0x00000000ec000000, 0x00000000ec000000| Untracked 
| 193|0x00000000ec100000, 0x00000000ec100000, 0x00000000ec200000|  0%| F|  |TAMS 0x00000000ec100000, 0x00000000ec100000| Untracked 
| 194|0x00000000ec200000, 0x00000000ec200000, 0x00000000ec300000|  0%| F|  |TAMS 0x00000000ec200000, 0x00000000ec200000| Untracked 
| 195|0x00000000ec300000, 0x00000000ec300000, 0x00000000ec400000|  0%| F|  |TAMS 0x00000000ec300000, 0x00000000ec300000| Untracked 
| 196|0x00000000ec400000, 0x00000000ec400000, 0x00000000ec500000|  0%| F|  |TAMS 0x00000000ec400000, 0x00000000ec400000| Untracked 
| 197|0x00000000ec500000, 0x00000000ec500000, 0x00000000ec600000|  0%| F|  |TAMS 0x00000000ec500000, 0x00000000ec500000| Untracked 
| 198|0x00000000ec600000, 0x00000000ec600000, 0x00000000ec700000|  0%| F|  |TAMS 0x00000000ec600000, 0x00000000ec600000| Untracked 
| 199|0x00000000ec700000, 0x00000000ec700000, 0x00000000ec800000|  0%| F|  |TAMS 0x00000000ec700000, 0x00000000ec700000| Untracked 
| 200|0x00000000ec800000, 0x00000000ec800000, 0x00000000ec900000|  0%| F|  |TAMS 0x00000000ec800000, 0x00000000ec800000| Untracked 
| 201|0x00000000ec900000, 0x00000000ec900000, 0x00000000eca00000|  0%| F|  |TAMS 0x00000000ec900000, 0x00000000ec900000| Untracked 
| 202|0x00000000eca00000, 0x00000000eca00000, 0x00000000ecb00000|  0%| F|  |TAMS 0x00000000eca00000, 0x00000000eca00000| Untracked 
| 203|0x00000000ecb00000, 0x00000000ecb00000, 0x00000000ecc00000|  0%| F|  |TAMS 0x00000000ecb00000, 0x00000000ecb00000| Untracked 
| 204|0x00000000ecc00000, 0x00000000ecc00000, 0x00000000ecd00000|  0%| F|  |TAMS 0x00000000ecc00000, 0x00000000ecc00000| Untracked 
| 205|0x00000000ecd00000, 0x00000000ecd00000, 0x00000000ece00000|  0%| F|  |TAMS 0x00000000ecd00000, 0x00000000ecd00000| Untracked 
| 206|0x00000000ece00000, 0x00000000ece00000, 0x00000000ecf00000|  0%| F|  |TAMS 0x00000000ece00000, 0x00000000ece00000| Untracked 
| 207|0x00000000ecf00000, 0x00000000ecf00000, 0x00000000ed000000|  0%| F|  |TAMS 0x00000000ecf00000, 0x00000000ecf00000| Untracked 
| 208|0x00000000ed000000, 0x00000000ed000000, 0x00000000ed100000|  0%| F|  |TAMS 0x00000000ed000000, 0x00000000ed000000| Untracked 
| 209|0x00000000ed100000, 0x00000000ed100000, 0x00000000ed200000|  0%| F|  |TAMS 0x00000000ed100000, 0x00000000ed100000| Untracked 
| 210|0x00000000ed200000, 0x00000000ed200000, 0x00000000ed300000|  0%| F|  |TAMS 0x00000000ed200000, 0x00000000ed200000| Untracked 
| 211|0x00000000ed300000, 0x00000000ed300000, 0x00000000ed400000|  0%| F|  |TAMS 0x00000000ed300000, 0x00000000ed300000| Untracked 
| 212|0x00000000ed400000, 0x00000000ed400000, 0x00000000ed500000|  0%| F|  |TAMS 0x00000000ed400000, 0x00000000ed400000| Untracked 
| 213|0x00000000ed500000, 0x00000000ed500000, 0x00000000ed600000|  0%| F|  |TAMS 0x00000000ed500000, 0x00000000ed500000| Untracked 
| 214|0x00000000ed600000, 0x00000000ed600000, 0x00000000ed700000|  0%| F|  |TAMS 0x00000000ed600000, 0x00000000ed600000| Untracked 
| 215|0x00000000ed700000, 0x00000000ed700000, 0x00000000ed800000|  0%| F|  |TAMS 0x00000000ed700000, 0x00000000ed700000| Untracked 
| 216|0x00000000ed800000, 0x00000000ed800000, 0x00000000ed900000|  0%| F|  |TAMS 0x00000000ed800000, 0x00000000ed800000| Untracked 
| 217|0x00000000ed900000, 0x00000000ed900000, 0x00000000eda00000|  0%| F|  |TAMS 0x00000000ed900000, 0x00000000ed900000| Untracked 
| 218|0x00000000eda00000, 0x00000000eda00000, 0x00000000edb00000|  0%| F|  |TAMS 0x00000000eda00000, 0x00000000eda00000| Untracked 
| 219|0x00000000edb00000, 0x00000000edb00000, 0x00000000edc00000|  0%| F|  |TAMS 0x00000000edb00000, 0x00000000edb00000| Untracked 
| 220|0x00000000edc00000, 0x00000000edc00000, 0x00000000edd00000|  0%| F|  |TAMS 0x00000000edc00000, 0x00000000edc00000| Untracked 
| 221|0x00000000edd00000, 0x00000000edd00000, 0x00000000ede00000|  0%| F|  |TAMS 0x00000000edd00000, 0x00000000edd00000| Untracked 
| 222|0x00000000ede00000, 0x00000000ede00000, 0x00000000edf00000|  0%| F|  |TAMS 0x00000000ede00000, 0x00000000ede00000| Untracked 
| 223|0x00000000edf00000, 0x00000000edf00000, 0x00000000ee000000|  0%| F|  |TAMS 0x00000000edf00000, 0x00000000edf00000| Untracked 
| 224|0x00000000ee000000, 0x00000000ee000000, 0x00000000ee100000|  0%| F|  |TAMS 0x00000000ee000000, 0x00000000ee000000| Untracked 
| 225|0x00000000ee100000, 0x00000000ee100000, 0x00000000ee200000|  0%| F|  |TAMS 0x00000000ee100000, 0x00000000ee100000| Untracked 
| 226|0x00000000ee200000, 0x00000000ee200000, 0x00000000ee300000|  0%| F|  |TAMS 0x00000000ee200000, 0x00000000ee200000| Untracked 
| 227|0x00000000ee300000, 0x00000000ee300000, 0x00000000ee400000|  0%| F|  |TAMS 0x00000000ee300000, 0x00000000ee300000| Untracked 
| 228|0x00000000ee400000, 0x00000000ee400000, 0x00000000ee500000|  0%| F|  |TAMS 0x00000000ee400000, 0x00000000ee400000| Untracked 
| 229|0x00000000ee500000, 0x00000000ee500000, 0x00000000ee600000|  0%| F|  |TAMS 0x00000000ee500000, 0x00000000ee500000| Untracked 
| 230|0x00000000ee600000, 0x00000000ee600000, 0x00000000ee700000|  0%| F|  |TAMS 0x00000000ee600000, 0x00000000ee600000| Untracked 
| 231|0x00000000ee700000, 0x00000000ee700000, 0x00000000ee800000|  0%| F|  |TAMS 0x00000000ee700000, 0x00000000ee700000| Untracked 
| 232|0x00000000ee800000, 0x00000000ee800000, 0x00000000ee900000|  0%| F|  |TAMS 0x00000000ee800000, 0x00000000ee800000| Untracked 
| 233|0x00000000ee900000, 0x00000000ee900000, 0x00000000eea00000|  0%| F|  |TAMS 0x00000000ee900000, 0x00000000ee900000| Untracked 
| 234|0x00000000eea00000, 0x00000000eea00000, 0x00000000eeb00000|  0%| F|  |TAMS 0x00000000eea00000, 0x00000000eea00000| Untracked 
| 235|0x00000000eeb00000, 0x00000000eeb00000, 0x00000000eec00000|  0%| F|  |TAMS 0x00000000eeb00000, 0x00000000eeb00000| Untracked 
| 236|0x00000000eec00000, 0x00000000eec00000, 0x00000000eed00000|  0%| F|  |TAMS 0x00000000eec00000, 0x00000000eec00000| Untracked 
| 237|0x00000000eed00000, 0x00000000eed00000, 0x00000000eee00000|  0%| F|  |TAMS 0x00000000eed00000, 0x00000000eed00000| Untracked 
| 238|0x00000000eee00000, 0x00000000eee00000, 0x00000000eef00000|  0%| F|  |TAMS 0x00000000eee00000, 0x00000000eee00000| Untracked 
| 239|0x00000000eef00000, 0x00000000eef00000, 0x00000000ef000000|  0%| F|  |TAMS 0x00000000eef00000, 0x00000000eef00000| Untracked 
| 240|0x00000000ef000000, 0x00000000ef000000, 0x00000000ef100000|  0%| F|  |TAMS 0x00000000ef000000, 0x00000000ef000000| Untracked 
| 241|0x00000000ef100000, 0x00000000ef111180, 0x00000000ef200000|  6%| E|  |TAMS 0x00000000ef100000, 0x00000000ef100000| Complete 
| 242|0x00000000ef200000, 0x00000000ef300000, 0x00000000ef300000|100%| E|  |TAMS 0x00000000ef200000, 0x00000000ef200000| Complete 
| 243|0x00000000ef300000, 0x00000000ef400000, 0x00000000ef400000|100%| E|CS|TAMS 0x00000000ef300000, 0x00000000ef300000| Complete 
| 244|0x00000000ef400000, 0x00000000ef500000, 0x00000000ef500000|100%| E|CS|TAMS 0x00000000ef400000, 0x00000000ef400000| Complete 
| 245|0x00000000ef500000, 0x00000000ef600000, 0x00000000ef600000|100%| E|CS|TAMS 0x00000000ef500000, 0x00000000ef500000| Complete 
| 246|0x00000000ef600000, 0x00000000ef700000, 0x00000000ef700000|100%| E|CS|TAMS 0x00000000ef600000, 0x00000000ef600000| Complete 
| 247|0x00000000ef700000, 0x00000000ef800000, 0x00000000ef800000|100%| E|CS|TAMS 0x00000000ef700000, 0x00000000ef700000| Complete 
| 248|0x00000000ef800000, 0x00000000ef900000, 0x00000000ef900000|100%| E|CS|TAMS 0x00000000ef800000, 0x00000000ef800000| Complete 
| 249|0x00000000ef900000, 0x00000000efa00000, 0x00000000efa00000|100%| E|CS|TAMS 0x00000000ef900000, 0x00000000ef900000| Complete 
| 250|0x00000000efa00000, 0x00000000efb00000, 0x00000000efb00000|100%| E|CS|TAMS 0x00000000efa00000, 0x00000000efa00000| Complete 
| 251|0x00000000efb00000, 0x00000000efc00000, 0x00000000efc00000|100%| E|CS|TAMS 0x00000000efb00000, 0x00000000efb00000| Complete 
| 252|0x00000000efc00000, 0x00000000efd00000, 0x00000000efd00000|100%| E|CS|TAMS 0x00000000efc00000, 0x00000000efc00000| Complete 
| 253|0x00000000efd00000, 0x00000000efe00000, 0x00000000efe00000|100%| E|CS|TAMS 0x00000000efd00000, 0x00000000efd00000| Complete 
| 254|0x00000000efe00000, 0x00000000eff00000, 0x00000000eff00000|100%| E|CS|TAMS 0x00000000efe00000, 0x00000000efe00000| Complete 
| 255|0x00000000eff00000, 0x00000000f0000000, 0x00000000f0000000|100%| E|CS|TAMS 0x00000000eff00000, 0x00000000eff00000| Complete 

Card table byte_map: [0x000001c1cc2c0000,0x000001c1cc3c0000] _byte_map_base: 0x000001c1cbbc0000

Marking Bits (Prev, Next): (CMBitMap*) 0x000001c1b4ac1750, (CMBitMap*) 0x000001c1b4ac1710
 Prev Bits: [0x000001c1cccc0000, 0x000001c1cd4c0000)
 Next Bits: [0x000001c1cc4c0000, 0x000001c1cccc0000)

Polling page: 0x000001c1b4250000

Metaspace:

Usage:
  Non-class:     67.01 MB used.
      Class:     10.70 MB used.
       Both:     77.71 MB used.

Virtual space:
  Non-class space:      128.00 MB reserved,      68.00 MB ( 53%) committed,  2 nodes.
      Class space:      308.00 MB reserved,      11.81 MB (  4%) committed,  1 nodes.
             Both:      436.00 MB reserved,      79.81 MB ( 18%) committed. 

Chunk freelists:
   Non-Class:  16.00 KB
       Class:  112.00 KB
        Both:  128.00 KB

MaxMetaspaceSize: 384.00 MB
CompressedClassSpaceSize: 308.00 MB
Initial GC threshold: 21.00 MB
Current GC threshold: 99.06 MB
CDS: on
MetaspaceReclaimPolicy: balanced
 - commit_granule_bytes: 65536.
 - commit_granule_words: 8192.
 - virtual_space_node_default_size: 8388608.
 - enlarge_chunks_in_place: 1.
 - new_chunks_are_fully_committed: 0.
 - uncommit_free_chunks: 1.
 - use_allocation_guard: 0.


Internal statistics:

num_allocs_failed_limit: 12.
num_arena_births: 3766.
num_arena_deaths: 0.
num_vsnodes_births: 3.
num_vsnodes_deaths: 0.
num_space_committed: 1277.
num_space_uncommitted: 0.
num_chunks_returned_to_freelist: 12.
num_chunks_taken_from_freelist: 7469.
num_chunk_merges: 9.
num_chunk_splits: 4860.
num_chunks_enlarged: 3009.
num_inconsistent_stats: 0.

CodeHeap 'non-profiled nmethods': size=120000Kb used=5482Kb max_used=5482Kb free=114517Kb
 bounds [0x000001c1c4740000, 0x000001c1c4ca0000, 0x000001c1cbc70000]
CodeHeap 'profiled nmethods': size=120000Kb used=17315Kb max_used=17315Kb free=102684Kb
 bounds [0x000001c1bcc70000, 0x000001c1bdd60000, 0x000001c1c41a0000]
CodeHeap 'non-nmethods': size=5760Kb used=2492Kb max_used=2558Kb free=3267Kb
 bounds [0x000001c1c41a0000, 0x000001c1c4440000, 0x000001c1c4740000]
 total_blobs=10185 nmethods=9249 adapters=845
 compilation: enabled
              stopped_count=0, restarted_count=0
 full_count=0

Compilation events (20 events):
Event: 72.056 Thread 0x000001c1d441e0c0 10904       3       org.gradle.groovy.scripts.DelegatingScriptSource::getClassName (10 bytes)
Event: 72.056 Thread 0x000001c1d441e0c0 nmethod 10904 0x000001c1bdd3af90 code [0x000001c1bdd3b140, 0x000001c1bdd3b308]
Event: 72.056 Thread 0x000001c1d441e0c0 10905       3       org.gradle.groovy.scripts.TextResourceScriptSource::getClassName (20 bytes)
Event: 72.057 Thread 0x000001c1d441e0c0 nmethod 10905 0x000001c1bdd3b410 code [0x000001c1bdd3b5c0, 0x000001c1bdd3b7a8]
Event: 72.060 Thread 0x000001c1d441ca10 10906   !   4       java.lang.String::replace (258 bytes)
Event: 72.060 Thread 0x000001c1d441e0c0 10907   !   3       java.lang.StringLatin1::replace (291 bytes)
Event: 72.061 Thread 0x000001c1d441e0c0 nmethod 10907 0x000001c1bdd3b890 code [0x000001c1bdd3bba0, 0x000001c1bdd3ccd8]
Event: 72.068 Thread 0x000001c1d441e0c0 10909       3       java.nio.Buffer::nextGetIndex (30 bytes)
Event: 72.068 Thread 0x000001c1d441e0c0 nmethod 10909 0x000001c1bdd3d610 code [0x000001c1bdd3d7c0, 0x000001c1bdd3d988]
Event: 72.068 Thread 0x000001c1d441e0c0 10911       3       java.nio.HeapByteBuffer::put (16 bytes)
Event: 72.069 Thread 0x000001c1d441e0c0 nmethod 10911 0x000001c1bdd3da90 code [0x000001c1bdd3dc60, 0x000001c1bdd3df48]
Event: 72.069 Thread 0x000001c1d441e0c0 10912       3       java.nio.Buffer::nextPutIndex (30 bytes)
Event: 72.070 Thread 0x000001c1d441e0c0 nmethod 10912 0x000001c1bdd3e110 code [0x000001c1bdd3e2c0, 0x000001c1bdd3e488]
Event: 72.073 Thread 0x000001c1d441e0c0 10913       3       java.nio.channels.spi.AbstractInterruptibleChannel::<init> (16 bytes)
Event: 72.073 Thread 0x000001c1d441e0c0 nmethod 10913 0x000001c1bdd3e590 code [0x000001c1bdd3e740, 0x000001c1bdd3e9b8]
Event: 72.074 Thread 0x000001c1d441e0c0 10914   !   3       java.nio.channels.spi.AbstractInterruptibleChannel::close (37 bytes)
Event: 72.074 Thread 0x000001c1d441e0c0 nmethod 10914 0x000001c1bdd3ea90 code [0x000001c1bdd3ec40, 0x000001c1bdd3efa8]
Event: 72.074 Thread 0x000001c1d441e0c0 10915       3       org.objectweb.asm.ClassReader::readCode (5109 bytes)
Event: 72.075 Thread 0x000001c1d441ca10 nmethod 10906 0x000001c1c4c99590 code [0x000001c1c4c99780, 0x000001c1c4c9a188]
Event: 72.075 Thread 0x000001c1d441ca10 10908       4       org.objectweb.asm.MethodVisitor::visitMethodInsn (80 bytes)

GC Heap History (20 events):
Event: 0.543 GC heap before
{Heap before GC invocations=0 (full 0):
 garbage-first heap   total 262144K, used 26624K [0x00000000e0000000, 0x0000000100000000)
  region size 1024K, 23 young (23552K), 0 survivors (0K)
 Metaspace       used 3144K, committed 3264K, reserved 380928K
  class space    used 389K, committed 448K, reserved 315392K
}
Event: 0.548 GC heap after
{Heap after GC invocations=1 (full 0):
 garbage-first heap   total 262144K, used 10253K [0x00000000e0000000, 0x0000000100000000)
  region size 1024K, 3 young (3072K), 3 survivors (3072K)
 Metaspace       used 3144K, committed 3264K, reserved 380928K
  class space    used 389K, committed 448K, reserved 315392K
}
Event: 0.915 GC heap before
{Heap before GC invocations=1 (full 0):
 garbage-first heap   total 262144K, used 39949K [0x00000000e0000000, 0x0000000100000000)
  region size 1024K, 32 young (32768K), 3 survivors (3072K)
 Metaspace       used 4123K, committed 4288K, reserved 380928K
  class space    used 484K, committed 576K, reserved 315392K
}
Event: 0.919 GC heap after
{Heap after GC invocations=2 (full 0):
 garbage-first heap   total 262144K, used 14454K [0x00000000e0000000, 0x0000000100000000)
  region size 1024K, 4 young (4096K), 4 survivors (4096K)
 Metaspace       used 4123K, committed 4288K, reserved 380928K
  class space    used 484K, committed 576K, reserved 315392K
}
Event: 3.050 GC heap before
{Heap before GC invocations=2 (full 0):
 garbage-first heap   total 262144K, used 113782K [0x00000000e0000000, 0x0000000100000000)
  region size 1024K, 102 young (104448K), 4 survivors (4096K)
 Metaspace       used 20821K, committed 21504K, reserved 380928K
  class space    used 3010K, committed 3392K, reserved 315392K
}
Event: 3.060 GC heap after
{Heap after GC invocations=3 (full 0):
 garbage-first heap   total 262144K, used 22587K [0x00000000e0000000, 0x0000000100000000)
  region size 1024K, 12 young (12288K), 12 survivors (12288K)
 Metaspace       used 20821K, committed 21504K, reserved 380928K
  class space    used 3010K, committed 3392K, reserved 315392K
}
Event: 4.516 GC heap before
{Heap before GC invocations=4 (full 0):
 garbage-first heap   total 262144K, used 132155K [0x00000000e0000000, 0x0000000100000000)
  region size 1024K, 116 young (118784K), 12 survivors (12288K)
 Metaspace       used 34858K, committed 35968K, reserved 380928K
  class space    used 4771K, committed 5376K, reserved 315392K
}
Event: 4.528 GC heap after
{Heap after GC invocations=5 (full 0):
 garbage-first heap   total 262144K, used 31203K [0x00000000e0000000, 0x0000000100000000)
  region size 1024K, 17 young (17408K), 17 survivors (17408K)
 Metaspace       used 34858K, committed 35968K, reserved 380928K
  class space    used 4771K, committed 5376K, reserved 315392K
}
Event: 4.544 GC heap before
{Heap before GC invocations=5 (full 0):
 garbage-first heap   total 262144K, used 32227K [0x00000000e0000000, 0x0000000100000000)
  region size 1024K, 18 young (18432K), 17 survivors (17408K)
 Metaspace       used 34868K, committed 36032K, reserved 380928K
  class space    used 4772K, committed 5376K, reserved 315392K
}
Event: 4.553 GC heap after
{Heap after GC invocations=6 (full 0):
 garbage-first heap   total 262144K, used 30515K [0x00000000e0000000, 0x0000000100000000)
  region size 1024K, 1 young (1024K), 1 survivors (1024K)
 Metaspace       used 34868K, committed 36032K, reserved 380928K
  class space    used 4772K, committed 5376K, reserved 315392K
}
Event: 4.578 GC heap before
{Heap before GC invocations=6 (full 0):
 garbage-first heap   total 262144K, used 31539K [0x00000000e0000000, 0x0000000100000000)
  region size 1024K, 3 young (3072K), 1 survivors (1024K)
 Metaspace       used 35104K, committed 36288K, reserved 380928K
  class space    used 4815K, committed 5440K, reserved 315392K
}
Event: 4.579 GC heap after
{Heap after GC invocations=7 (full 0):
 garbage-first heap   total 262144K, used 30122K [0x00000000e0000000, 0x0000000100000000)
  region size 1024K, 1 young (1024K), 1 survivors (1024K)
 Metaspace       used 35104K, committed 36288K, reserved 380928K
  class space    used 4815K, committed 5440K, reserved 315392K
}
Event: 6.948 GC heap before
{Heap before GC invocations=8 (full 0):
 garbage-first heap   total 262144K, used 186794K [0x00000000e0000000, 0x0000000100000000)
  region size 1024K, 153 young (156672K), 1 survivors (1024K)
 Metaspace       used 53181K, committed 54912K, reserved 380928K
  class space    used 7395K, committed 8320K, reserved 315392K
}
Event: 6.956 GC heap after
{Heap after GC invocations=9 (full 0):
 garbage-first heap   total 262144K, used 38507K [0x00000000e0000000, 0x0000000100000000)
  region size 1024K, 9 young (9216K), 9 survivors (9216K)
 Metaspace       used 53181K, committed 54912K, reserved 380928K
  class space    used 7395K, committed 8320K, reserved 315392K
}
Event: 7.604 GC heap before
{Heap before GC invocations=9 (full 0):
 garbage-first heap   total 262144K, used 97899K [0x00000000e0000000, 0x0000000100000000)
  region size 1024K, 69 young (70656K), 9 survivors (9216K)
 Metaspace       used 59007K, committed 60800K, reserved 380928K
  class space    used 8330K, committed 9280K, reserved 315392K
}
Event: 7.614 GC heap after
{Heap after GC invocations=10 (full 0):
 garbage-first heap   total 262144K, used 43958K [0x00000000e0000000, 0x0000000100000000)
  region size 1024K, 15 young (15360K), 15 survivors (15360K)
 Metaspace       used 59007K, committed 60800K, reserved 380928K
  class space    used 8330K, committed 9280K, reserved 315392K
}
Event: 27.331 GC heap before
{Heap before GC invocations=11 (full 0):
 garbage-first heap   total 262144K, used 184246K [0x00000000e0000000, 0x0000000100000000)
  region size 1024K, 153 young (156672K), 15 survivors (15360K)
 Metaspace       used 68697K, committed 70656K, reserved 380928K
  class space    used 9672K, committed 10752K, reserved 315392K
}
Event: 27.345 GC heap after
{Heap after GC invocations=12 (full 0):
 garbage-first heap   total 262144K, used 54524K [0x00000000e0000000, 0x0000000100000000)
  region size 1024K, 16 young (16384K), 16 survivors (16384K)
 Metaspace       used 68697K, committed 70656K, reserved 380928K
  class space    used 9672K, committed 10752K, reserved 315392K
}
Event: 45.935 GC heap before
{Heap before GC invocations=12 (full 0):
 garbage-first heap   total 262144K, used 193788K [0x00000000e0000000, 0x0000000100000000)
  region size 1024K, 153 young (156672K), 16 survivors (16384K)
 Metaspace       used 78692K, committed 80832K, reserved 446464K
  class space    used 10850K, committed 11968K, reserved 315392K
}
Event: 45.947 GC heap after
{Heap after GC invocations=13 (full 0):
 garbage-first heap   total 262144K, used 62170K [0x00000000e0000000, 0x0000000100000000)
  region size 1024K, 9 young (9216K), 9 survivors (9216K)
 Metaspace       used 78692K, committed 80832K, reserved 446464K
  class space    used 10850K, committed 11968K, reserved 315392K
}

Dll operation events (15 events):
Event: 0.007 Loaded shared library C:\Users\Sebas\.jdks\corretto-19.0.2\bin\java.dll
Event: 0.016 Loaded shared library C:\Users\Sebas\.jdks\corretto-19.0.2\bin\jsvml.dll
Event: 0.064 Loaded shared library C:\Users\Sebas\.jdks\corretto-19.0.2\bin\zip.dll
Event: 0.067 Loaded shared library C:\Users\Sebas\.jdks\corretto-19.0.2\bin\instrument.dll
Event: 0.071 Loaded shared library C:\Users\Sebas\.jdks\corretto-19.0.2\bin\net.dll
Event: 0.072 Loaded shared library C:\Users\Sebas\.jdks\corretto-19.0.2\bin\nio.dll
Event: 0.075 Loaded shared library C:\Users\Sebas\.jdks\corretto-19.0.2\bin\zip.dll
Event: 0.264 Loaded shared library C:\Users\Sebas\.jdks\corretto-19.0.2\bin\jimage.dll
Event: 0.309 Loaded shared library C:\Users\Sebas\.jdks\corretto-19.0.2\bin\verify.dll
Event: 0.426 Loaded shared library C:\Users\Sebas\.gradle\native\68d5fa5c4cc2d200863cafc0d521ce42e7d3e7ee720ec0a83991735586a16f82\windows-amd64\native-platform.dll
Event: 0.430 Loaded shared library C:\Users\Sebas\.gradle\native\e376f236ea51e6404a007f0833ffe2c6e607c4080706a723a18a27aeea778392\windows-amd64\native-platform-file-events.dll
Event: 1.142 Loaded shared library C:\Users\Sebas\.jdks\corretto-19.0.2\bin\management.dll
Event: 1.144 Loaded shared library C:\Users\Sebas\.jdks\corretto-19.0.2\bin\management_ext.dll
Event: 1.349 Loaded shared library C:\Users\Sebas\.jdks\corretto-19.0.2\bin\extnet.dll
Event: 1.791 Loaded shared library C:\Users\Sebas\.jdks\corretto-19.0.2\bin\sunmscapi.dll

Deoptimization events (20 events):
Event: 72.060 Thread 0x000001c1d547b650 Uncommon trap: trap_request=0xffffffde fr.pc=0x000001c1c4ac41b0 relative=0x0000000000000090
Event: 72.060 Thread 0x000001c1d547b650 Uncommon trap: reason=class_check action=maybe_recompile pc=0x000001c1c4ac41b0 method=org.objectweb.asm.MethodVisitor.visitMethodInsn(ILjava/lang/String;Ljava/lang/String;Ljava/lang/String;Z)V @ 76 c2
Event: 72.060 Thread 0x000001c1d547b650 DEOPT PACKING pc=0x000001c1c4ac41b0 sp=0x00000072e13fe1d0
Event: 72.060 Thread 0x000001c1d547b650 DEOPT UNPACKING pc=0x000001c1c4206da3 sp=0x00000072e13fe168 mode 2
Event: 72.060 Thread 0x000001c1d547b650 Uncommon trap: trap_request=0xffffff45 fr.pc=0x000001c1c4826524 relative=0x0000000000000724
Event: 72.060 Thread 0x000001c1d547b650 Uncommon trap: reason=unstable_if action=reinterpret pc=0x000001c1c4826524 method=org.objectweb.asm.MethodWriter.visitMethodInsn(ILjava/lang/String;Ljava/lang/String;Ljava/lang/String;Z)V @ 89 c2
Event: 72.060 Thread 0x000001c1d547b650 DEOPT PACKING pc=0x000001c1c4826524 sp=0x00000072e13fe030
Event: 72.060 Thread 0x000001c1d547b650 DEOPT UNPACKING pc=0x000001c1c4206da3 sp=0x00000072e13fdfb8 mode 2
Event: 72.060 Thread 0x000001c1d547b650 Uncommon trap: trap_request=0xffffffde fr.pc=0x000001c1c4ac41b0 relative=0x0000000000000090
Event: 72.060 Thread 0x000001c1d547b650 Uncommon trap: reason=class_check action=maybe_recompile pc=0x000001c1c4ac41b0 method=org.objectweb.asm.MethodVisitor.visitMethodInsn(ILjava/lang/String;Ljava/lang/String;Ljava/lang/String;Z)V @ 76 c2
Event: 72.060 Thread 0x000001c1d547b650 DEOPT PACKING pc=0x000001c1c4ac41b0 sp=0x00000072e13fe260
Event: 72.060 Thread 0x000001c1d547b650 DEOPT UNPACKING pc=0x000001c1c4206da3 sp=0x00000072e13fe1f8 mode 2
Event: 72.060 Thread 0x000001c1d547b650 Uncommon trap: trap_request=0xffffffde fr.pc=0x000001c1c4ac41b0 relative=0x0000000000000090
Event: 72.060 Thread 0x000001c1d547b650 Uncommon trap: reason=class_check action=maybe_recompile pc=0x000001c1c4ac41b0 method=org.objectweb.asm.MethodVisitor.visitMethodInsn(ILjava/lang/String;Ljava/lang/String;Ljava/lang/String;Z)V @ 76 c2
Event: 72.060 Thread 0x000001c1d547b650 DEOPT PACKING pc=0x000001c1c4ac41b0 sp=0x00000072e13fe1d0
Event: 72.060 Thread 0x000001c1d547b650 DEOPT UNPACKING pc=0x000001c1c4206da3 sp=0x00000072e13fe168 mode 2
Event: 72.072 Thread 0x000001c1d547b650 Uncommon trap: trap_request=0xffffff45 fr.pc=0x000001c1c4954004 relative=0x0000000000000164
Event: 72.072 Thread 0x000001c1d547b650 Uncommon trap: reason=unstable_if action=reinterpret pc=0x000001c1c4954004 method=java.util.zip.CRC32.updateBytesCheck([BII)V @ 1 c2
Event: 72.072 Thread 0x000001c1d547b650 DEOPT PACKING pc=0x000001c1c4954004 sp=0x00000072e13fe570
Event: 72.072 Thread 0x000001c1d547b650 DEOPT UNPACKING pc=0x000001c1c4206da3 sp=0x00000072e13fe460 mode 2

Classes loaded (20 events):
Event: 46.126 Loading class java/lang/StackTraceElement$HashedModules
Event: 46.126 Loading class java/lang/StackTraceElement$HashedModules done
Event: 46.130 Loading class java/util/logging/LogRecord
Event: 46.130 Loading class java/util/logging/LogRecord done
Event: 46.136 Loading class java/util/stream/DistinctOps
Event: 46.136 Loading class java/util/stream/DistinctOps done
Event: 46.136 Loading class java/util/stream/DistinctOps$1
Event: 46.136 Loading class java/util/stream/DistinctOps$1 done
Event: 46.136 Loading class java/util/stream/DistinctOps$1$2
Event: 46.136 Loading class java/util/stream/DistinctOps$1$2 done
Event: 46.168 Loading class java/io/NotSerializableException
Event: 46.168 Loading class java/io/NotSerializableException done
Event: 46.172 Loading class java/util/Collections$EmptyListIterator
Event: 46.173 Loading class java/util/Collections$EmptyListIterator done
Event: 72.049 Loading class java/util/zip/Deflater
Event: 72.049 Loading class java/util/zip/Deflater done
Event: 72.050 Loading class java/util/zip/Deflater$DeflaterZStreamRef
Event: 72.050 Loading class java/util/zip/Deflater$DeflaterZStreamRef done
Event: 72.066 Loading class java/nio/StringCharBuffer
Event: 72.066 Loading class java/nio/StringCharBuffer done

Classes unloaded (0 events):
No events

Classes redefined (0 events):
No events

Internal exceptions (20 events):
Event: 45.882 Thread 0x000001c1d8ce4700 Exception <a 'java/lang/NoSuchMethodError'{0x00000000e7853de0}: 'int java.lang.invoke.DirectMethodHandle$Holder.invokeStaticInit(java.lang.Object, int, int)'> (0x00000000e7853de0) 
thrown [s\src\hotspot\share\interpreter\linkResolver.cpp, line 774]
Event: 45.882 Thread 0x000001c1d8ce4700 Exception <a 'java/lang/NoSuchMethodError'{0x00000000e785c438}: 'int java.lang.invoke.DirectMethodHandle$Holder.invokeStaticInit(java.lang.Object, long, long)'> (0x00000000e785c438) 
thrown [s\src\hotspot\share\interpreter\linkResolver.cpp, line 774]
Event: 45.883 Thread 0x000001c1d8ce4700 Exception <a 'java/lang/NoSuchMethodError'{0x00000000e7864128}: 'int java.lang.invoke.DirectMethodHandle$Holder.invokeStaticInit(java.lang.Object, float, float)'> (0x00000000e7864128) 
thrown [s\src\hotspot\share\interpreter\linkResolver.cpp, line 774]
Event: 45.883 Thread 0x000001c1d8ce4700 Exception <a 'java/lang/NoSuchMethodError'{0x00000000e786c060}: 'int java.lang.invoke.DirectMethodHandle$Holder.invokeStaticInit(java.lang.Object, double, double)'> (0x00000000e786c060) 
thrown [s\src\hotspot\share\interpreter\linkResolver.cpp, line 774]
Event: 45.883 Thread 0x000001c1d8ce4700 Exception <a 'java/lang/NoSuchMethodError'{0x00000000e7871508}: 'int java.lang.invoke.DirectMethodHandle$Holder.invokeStatic(java.lang.Object, long)'> (0x00000000e7871508) 
thrown [s\src\hotspot\share\interpreter\linkResolver.cpp, line 774]
Event: 45.885 Thread 0x000001c1d8ce4700 Exception <a 'java/lang/NoSuchMethodError'{0x00000000e7884448}: 'int java.lang.invoke.DirectMethodHandle$Holder.invokeSpecial(java.lang.Object, java.lang.Object, int, int)'> (0x00000000e7884448) 
thrown [s\src\hotspot\share\interpreter\linkResolver.cpp, line 774]
Event: 45.886 Thread 0x000001c1d8ce4700 Exception <a 'java/lang/NoSuchMethodError'{0x00000000e78939e8}: 'int java.lang.invoke.Invokers$Holder.linkToTargetMethod(java.lang.Object, java.lang.Object)'> (0x00000000e78939e8) 
thrown [s\src\hotspot\share\interpreter\linkResolver.cpp, line 774]
Event: 45.887 Thread 0x000001c1d8ce4700 Exception <a 'sun/nio/fs/WindowsException'{0x00000000e789b310}> (0x00000000e789b310) 
thrown [s\src\hotspot\share\prims\jni.cpp, line 517]
Event: 45.978 Thread 0x000001c1d8ce4700 Exception <a 'sun/nio/fs/WindowsException'{0x00000000efe61b28}> (0x00000000efe61b28) 
thrown [s\src\hotspot\share\prims\jni.cpp, line 517]
Event: 45.979 Thread 0x000001c1d8cdd220 Exception <a 'java/lang/NoSuchMethodError'{0x00000000eff0ced8}: static Lorg/gradle/internal/build/event/types/DefaultJavaCompileTaskSuccessResult;.<clinit>()V> (0x00000000eff0ced8) 
thrown [s\src\hotspot\share\prims\jni.cpp, line 1107]
Event: 46.126 Thread 0x000001c1d8cdd220 Exception <a 'java/lang/NoSuchMethodError'{0x00000000efc69658}: static Lorg/gradle/internal/build/event/types/DefaultFailureResult;.<clinit>()V> (0x00000000efc69658) 
thrown [s\src\hotspot\share\prims\jni.cpp, line 1107]
Event: 46.127 Thread 0x000001c1d8cdd220 Exception <a 'java/lang/NoSuchMethodError'{0x00000000efcd7f10}: static Lorg/gradle/internal/build/event/types/DefaultFailure;.<clinit>()V> (0x00000000efcd7f10) 
thrown [s\src\hotspot\share\prims\jni.cpp, line 1107]
Event: 46.128 Thread 0x000001c1d8cdd220 Exception <a 'java/lang/NoSuchMethodError'{0x00000000efb485e0}: static Lorg/gradle/internal/build/event/types/DefaultTaskFailureResult;.<clinit>()V> (0x00000000efb485e0) 
thrown [s\src\hotspot\share\prims\jni.cpp, line 1107]
Event: 46.137 Thread 0x000001c1d58ddc60 Exception <a 'java/lang/NoSuchMethodError'{0x00000000efb98140}: 'void java.lang.invoke.DirectMethodHandle$Holder.invokeStatic(java.lang.Object, int, java.lang.Object)'> (0x00000000efb98140) 
thrown [s\src\hotspot\share\interpreter\linkResolver.cpp, line 774]
Event: 46.369 Thread 0x000001c1d5eb47d0 Exception <a 'java/lang/NoSuchMethodError'{0x00000000ef61a6c8}: static Lorg/gradle/tooling/internal/provider/serialization/ClassLoaderDetails;.<clinit>()V> (0x00000000ef61a6c8) 
thrown [s\src\hotspot\share\prims\jni.cpp, line 1107]
Event: 46.369 Thread 0x000001c1d5eb47d0 Exception <a 'java/lang/NoSuchMethodError'{0x00000000ef62d628}: static Lorg/gradle/tooling/internal/provider/serialization/WellKnownClassLoaderRegistry$KnownClassLoaderSpec;.<clinit>()V> (0x00000000ef62d628) 
thrown [s\src\hotspot\share\prims\jni.cpp, line 1107]
Event: 46.369 Thread 0x000001c1d5eb47d0 Exception <a 'java/lang/NoSuchMethodError'{0x00000000ef62ecb0}: static Lorg/gradle/internal/classloader/ClassLoaderSpec;.<clinit>()V> (0x00000000ef62ecb0) 
thrown [s\src\hotspot\share\prims\jni.cpp, line 1107]
Event: 46.370 Thread 0x000001c1d5eb47d0 Exception <a 'java/lang/NoSuchMethodError'{0x00000000ef641e88}: static Lorg/gradle/internal/classloader/ClassLoaderSpec;.<clinit>()V> (0x00000000ef641e88) 
thrown [s\src\hotspot\share\prims\jni.cpp, line 1107]
Event: 46.370 Thread 0x000001c1d5eb47d0 Exception <a 'java/lang/NoSuchMethodError'{0x00000000ef64e308}: static Lorg/gradle/internal/classloader/VisitableURLClassLoader$Spec;.<clinit>()V> (0x00000000ef64e308) 
thrown [s\src\hotspot\share\prims\jni.cpp, line 1107]
Event: 72.045 Thread 0x000001c1d547b650 Exception <a 'sun/nio/fs/WindowsException'{0x00000000ef30fcd0}> (0x00000000ef30fcd0) 
thrown [s\src\hotspot\share\prims\jni.cpp, line 517]

VM Operations (20 events):
Event: 52.196 Executing VM operation: Cleanup
Event: 52.196 Executing VM operation: Cleanup done
Event: 56.235 Executing VM operation: Cleanup
Event: 56.235 Executing VM operation: Cleanup done
Event: 58.254 Executing VM operation: Cleanup
Event: 58.255 Executing VM operation: Cleanup done
Event: 62.286 Executing VM operation: Cleanup
Event: 62.286 Executing VM operation: Cleanup done
Event: 72.043 Executing VM operation: HandshakeAllThreads
Event: 72.043 Executing VM operation: HandshakeAllThreads done
Event: 72.043 Executing VM operation: Cleanup
Event: 72.043 Executing VM operation: Cleanup done
Event: 72.044 Executing VM operation: HandshakeAllThreads
Event: 72.044 Executing VM operation: HandshakeAllThreads done
Event: 72.064 Executing VM operation: HandshakeAllThreads
Event: 72.064 Executing VM operation: HandshakeAllThreads done
Event: 72.067 Executing VM operation: HandshakeAllThreads
Event: 72.067 Executing VM operation: HandshakeAllThreads done
Event: 72.068 Executing VM operation: HandshakeAllThreads
Event: 72.068 Executing VM operation: HandshakeAllThreads done

Events (20 events):
Event: 46.182 Thread 0x000001c1d7dac450 Thread exited: 0x000001c1d7dac450
Event: 46.182 Thread 0x000001c1d7dab9b0 Thread exited: 0x000001c1d7dab9b0
Event: 46.184 Thread 0x000001c1d8cdd220 Thread exited: 0x000001c1d8cdd220
Event: 46.185 Thread 0x000001c1d8ce11e0 Thread exited: 0x000001c1d8ce11e0
Event: 46.185 Thread 0x000001c1d5479120 Thread exited: 0x000001c1d5479120
Event: 46.200 Thread 0x000001c1d8cdf200 Thread exited: 0x000001c1d8cdf200
Event: 46.370 Thread 0x000001c1da5c3250 Thread exited: 0x000001c1da5c3250
Event: 46.370 Thread 0x000001c1da5c2730 Thread exited: 0x000001c1da5c2730
Event: 46.372 Thread 0x000001c1d8ce4c50 Thread exited: 0x000001c1d8ce4c50
Event: 46.380 Thread 0x000001c1d8ce3710 Thread exited: 0x000001c1d8ce3710
Event: 68.072 Thread 0x000001c1d5476150 Thread exited: 0x000001c1d5476150
Event: 71.996 Thread 0x000001c1d5477140 Thread added: 0x000001c1d5477140
Event: 71.998 Thread 0x000001c1d5479120 Thread added: 0x000001c1d5479120
Event: 72.002 Thread 0x000001c1d54756b0 Thread added: 0x000001c1d54756b0
Event: 72.002 Thread 0x000001c1d5473c20 Thread added: 0x000001c1d5473c20
Event: 72.002 Thread 0x000001c1d5479bc0 Thread added: 0x000001c1d5479bc0
Event: 72.013 Thread 0x000001c1d5476150 Thread added: 0x000001c1d5476150
Event: 72.016 Thread 0x000001c1d54766a0 Thread added: 0x000001c1d54766a0
Event: 72.018 Thread 0x000001c1d547a660 Thread added: 0x000001c1d547a660
Event: 72.025 Thread 0x000001c1d547abb0 Thread added: 0x000001c1d547abb0


Dynamic libraries:
0x00007ff7cf770000 - 0x00007ff7cf77d000 	C:\Users\Sebas\.jdks\corretto-19.0.2\bin\java.exe
0x00007ffdd3590000 - 0x00007ffdd37a7000 	C:\WINDOWS\SYSTEM32\ntdll.dll
0x00007ffdd1730000 - 0x00007ffdd17f4000 	C:\WINDOWS\System32\KERNEL32.DLL
0x00007ffdd0f40000 - 0x00007ffdd12e6000 	C:\WINDOWS\System32\KERNELBASE.dll
0x00007ffdd0cb0000 - 0x00007ffdd0dc1000 	C:\WINDOWS\System32\ucrtbase.dll
0x00007ffdb71e0000 - 0x00007ffdb71fb000 	C:\WINDOWS\SYSTEM32\VCRUNTIME140.dll
0x00007ffdbeac0000 - 0x00007ffdbead7000 	C:\Users\Sebas\.jdks\corretto-19.0.2\bin\jli.dll
0x00007ffdd2a30000 - 0x00007ffdd2bdd000 	C:\WINDOWS\System32\USER32.dll
0x00007ffdd0c10000 - 0x00007ffdd0c36000 	C:\WINDOWS\System32\win32u.dll
0x00007ffdb31b0000 - 0x00007ffdb3443000 	C:\WINDOWS\WinSxS\amd64_microsoft.windows.common-controls_6595b64144ccf1df_6.0.22621.2361_none_2712ced57382f843\COMCTL32.dll
0x00007ffdd1a80000 - 0x00007ffdd1aa9000 	C:\WINDOWS\System32\GDI32.dll
0x00007ffdd1ab0000 - 0x00007ffdd1b57000 	C:\WINDOWS\System32\msvcrt.dll
0x00007ffdd0990000 - 0x00007ffdd0aa8000 	C:\WINDOWS\System32\gdi32full.dll
0x00007ffdd0b70000 - 0x00007ffdd0c0a000 	C:\WINDOWS\System32\msvcp_win.dll
0x00007ffdd29f0000 - 0x00007ffdd2a21000 	C:\WINDOWS\System32\IMM32.DLL
0x00007ffdbbec0000 - 0x00007ffdbbed5000 	C:\Users\Sebas\.jdks\corretto-19.0.2\bin\vcruntime140.dll
0x00007ffdb0220000 - 0x00007ffdb02bb000 	C:\Users\Sebas\.jdks\corretto-19.0.2\bin\msvcp140.dll
0x00007ffd76ba0000 - 0x00007ffd77879000 	C:\Users\Sebas\.jdks\corretto-19.0.2\bin\server\jvm.dll
0x00007ffdd2db0000 - 0x00007ffdd2e60000 	C:\WINDOWS\System32\ADVAPI32.dll
0x00007ffdd12f0000 - 0x00007ffdd1396000 	C:\WINDOWS\System32\sechost.dll
0x00007ffdd2be0000 - 0x00007ffdd2cf7000 	C:\WINDOWS\System32\RPCRT4.dll
0x00007ffdc9a00000 - 0x00007ffdc9a34000 	C:\WINDOWS\SYSTEM32\WINMM.dll
0x00007ffdb7f50000 - 0x00007ffdb7f59000 	C:\WINDOWS\SYSTEM32\WSOCK32.dll
0x00007ffdc9320000 - 0x00007ffdc932a000 	C:\WINDOWS\SYSTEM32\VERSION.dll
0x00007ffdd1c60000 - 0x00007ffdd1cd1000 	C:\WINDOWS\System32\WS2_32.dll
0x00007ffdcf8b0000 - 0x00007ffdcf8c8000 	C:\WINDOWS\SYSTEM32\kernel.appcore.dll
0x00007ffdbecf0000 - 0x00007ffdbecfa000 	C:\Users\Sebas\.jdks\corretto-19.0.2\bin\jimage.dll
0x00007ffdbcef0000 - 0x00007ffdbd11e000 	C:\WINDOWS\SYSTEM32\DBGHELP.DLL
0x00007ffdd13a0000 - 0x00007ffdd172a000 	C:\WINDOWS\System32\combase.dll
0x00007ffdd1d10000 - 0x00007ffdd1de7000 	C:\WINDOWS\System32\OLEAUT32.dll
0x00007ffdb64a0000 - 0x00007ffdb64d2000 	C:\WINDOWS\SYSTEM32\dbgcore.DLL
0x00007ffdd0910000 - 0x00007ffdd098a000 	C:\WINDOWS\System32\bcryptPrimitives.dll
0x00007ffdbec10000 - 0x00007ffdbec1e000 	C:\Users\Sebas\.jdks\corretto-19.0.2\bin\instrument.dll
0x00007ffdbbdf0000 - 0x00007ffdbbe16000 	C:\Users\Sebas\.jdks\corretto-19.0.2\bin\java.dll
0x00007ffd9ff00000 - 0x00007ffd9ffd6000 	C:\Users\Sebas\.jdks\corretto-19.0.2\bin\jsvml.dll
0x00007ffdd1ef0000 - 0x00007ffdd2748000 	C:\WINDOWS\System32\SHELL32.dll
0x00007ffdce820000 - 0x00007ffdcf112000 	C:\WINDOWS\SYSTEM32\windows.storage.dll
0x00007ffdce6e0000 - 0x00007ffdce81e000 	C:\WINDOWS\SYSTEM32\wintypes.dll
0x00007ffdd1b60000 - 0x00007ffdd1c53000 	C:\WINDOWS\System32\SHCORE.dll
0x00007ffdd1a20000 - 0x00007ffdd1a7e000 	C:\WINDOWS\System32\shlwapi.dll
0x00007ffdd0840000 - 0x00007ffdd0866000 	C:\WINDOWS\SYSTEM32\profapi.dll
0x00007ffdbbc20000 - 0x00007ffdbbc38000 	C:\Users\Sebas\.jdks\corretto-19.0.2\bin\zip.dll
0x00007ffdbbb60000 - 0x00007ffdbbb73000 	C:\Users\Sebas\.jdks\corretto-19.0.2\bin\net.dll
0x00007ffdc8860000 - 0x00007ffdc8997000 	C:\WINDOWS\SYSTEM32\WINHTTP.dll
0x00007ffdcfdf0000 - 0x00007ffdcfe59000 	C:\WINDOWS\system32\mswsock.dll
0x00007ffdbb960000 - 0x00007ffdbb975000 	C:\Users\Sebas\.jdks\corretto-19.0.2\bin\nio.dll
0x00007ffdbc9c0000 - 0x00007ffdbc9d0000 	C:\Users\Sebas\.jdks\corretto-19.0.2\bin\verify.dll
0x00007ffdb66d0000 - 0x00007ffdb66f7000 	C:\Users\Sebas\.gradle\native\68d5fa5c4cc2d200863cafc0d521ce42e7d3e7ee720ec0a83991735586a16f82\windows-amd64\native-platform.dll
0x00007ffd8efb0000 - 0x00007ffd8f0f4000 	C:\Users\Sebas\.gradle\native\e376f236ea51e6404a007f0833ffe2c6e607c4080706a723a18a27aeea778392\windows-amd64\native-platform-file-events.dll
0x00007ffdbbb50000 - 0x00007ffdbbb59000 	C:\Users\Sebas\.jdks\corretto-19.0.2\bin\management.dll
0x00007ffdbb8f0000 - 0x00007ffdbb8fb000 	C:\Users\Sebas\.jdks\corretto-19.0.2\bin\management_ext.dll
0x00007ffdd2910000 - 0x00007ffdd2918000 	C:\WINDOWS\System32\PSAPI.DLL
0x00007ffdd00a0000 - 0x00007ffdd00bb000 	C:\WINDOWS\SYSTEM32\CRYPTSP.dll
0x00007ffdcf870000 - 0x00007ffdcf8a5000 	C:\WINDOWS\system32\rsaenh.dll
0x00007ffdcfeb0000 - 0x00007ffdcfedc000 	C:\WINDOWS\SYSTEM32\USERENV.dll
0x00007ffdd02b0000 - 0x00007ffdd02d8000 	C:\WINDOWS\SYSTEM32\bcrypt.dll
0x00007ffdd00c0000 - 0x00007ffdd00cc000 	C:\WINDOWS\SYSTEM32\CRYPTBASE.dll
0x00007ffdcf380000 - 0x00007ffdcf3ad000 	C:\WINDOWS\SYSTEM32\IPHLPAPI.DLL
0x00007ffdd2900000 - 0x00007ffdd2909000 	C:\WINDOWS\System32\NSI.dll
0x00007ffdc9330000 - 0x00007ffdc9349000 	C:\WINDOWS\SYSTEM32\dhcpcsvc6.DLL
0x00007ffdc8640000 - 0x00007ffdc865f000 	C:\WINDOWS\SYSTEM32\dhcpcsvc.DLL
0x00007ffdcf3f0000 - 0x00007ffdcf4e9000 	C:\WINDOWS\SYSTEM32\DNSAPI.dll
0x00007ffdbb8e0000 - 0x00007ffdbb8e8000 	C:\Users\Sebas\.jdks\corretto-19.0.2\bin\extnet.dll
0x00007ffdbb860000 - 0x00007ffdbb86e000 	C:\Users\Sebas\.jdks\corretto-19.0.2\bin\sunmscapi.dll
0x00007ffdd0dd0000 - 0x00007ffdd0f36000 	C:\WINDOWS\System32\CRYPT32.dll
0x00007ffdd0280000 - 0x00007ffdd02ad000 	C:\WINDOWS\SYSTEM32\ncrypt.dll
0x00007ffdd0240000 - 0x00007ffdd0277000 	C:\WINDOWS\SYSTEM32\NTASN1.dll
0x00007ffd9aad0000 - 0x00007ffd9aad8000 	C:\WINDOWS\system32\wshunix.dll

dbghelp: loaded successfully - version: 4.0.5 - missing functions: none
symbol engine: initialized successfully - sym options: 0x614 - pdb path: .;C:\Users\Sebas\.jdks\corretto-19.0.2\bin;C:\WINDOWS\SYSTEM32;C:\WINDOWS\WinSxS\amd64_microsoft.windows.common-controls_6595b64144ccf1df_6.0.22621.2361_none_2712ced57382f843;C:\Users\Sebas\.jdks\corretto-19.0.2\bin\server;C:\Users\Sebas\.gradle\native\68d5fa5c4cc2d200863cafc0d521ce42e7d3e7ee720ec0a83991735586a16f82\windows-amd64;C:\Users\Sebas\.gradle\native\e376f236ea51e6404a007f0833ffe2c6e607c4080706a723a18a27aeea778392\windows-amd64

VM Arguments:
jvm_args: --add-opens=java.base/java.util=ALL-UNNAMED --add-opens=java.base/java.lang=ALL-UNNAMED --add-opens=java.base/java.lang.invoke=ALL-UNNAMED --add-opens=java.prefs/java.util.prefs=ALL-UNNAMED --add-opens=java.base/java.nio.charset=ALL-UNNAMED --add-opens=java.base/java.net=ALL-UNNAMED --add-opens=java.base/java.util.concurrent.atomic=ALL-UNNAMED -XX:MaxMetaspaceSize=384m -XX:+HeapDumpOnOutOfMemoryError -Xms256m -Xmx512m -Dfile.encoding=windows-1252 -Duser.country=DE -Duser.language=de -Duser.variant -javaagent:C:\Users\Sebas\.gradle\wrapper\dists\gradle-8.2-bin\bbg7u40eoinfdyxsxr3z4i7ta\gradle-8.2\lib\agents\gradle-instrumentation-agent-8.2.jar 
java_command: org.gradle.launcher.daemon.bootstrap.GradleDaemon 8.2
java_class_path (initial): C:\Users\Sebas\.gradle\wrapper\dists\gradle-8.2-bin\bbg7u40eoinfdyxsxr3z4i7ta\gradle-8.2\lib\gradle-launcher-8.2.jar
Launcher Type: SUN_STANDARD

[Global flags]
     intx CICompilerCount                          = 4                                         {product} {ergonomic}
   size_t CompressedClassSpaceSize                 = 322961408                                 {product} {ergonomic}
     uint ConcGCThreads                            = 3                                         {product} {ergonomic}
     uint G1ConcRefinementThreads                  = 10                                        {product} {ergonomic}
   size_t G1HeapRegionSize                         = 1048576                                   {product} {ergonomic}
    uintx GCDrainStackTargetSize                   = 64                                        {product} {ergonomic}
     bool HeapDumpOnOutOfMemoryError               = true                                   {manageable} {command line}
   size_t InitialHeapSize                          = 268435456                                 {product} {command line}
   size_t MarkStackSize                            = 4194304                                   {product} {ergonomic}
   size_t MaxHeapSize                              = 536870912                                 {product} {command line}
   size_t MaxMetaspaceSize                         = 402653184                                 {product} {command line}
   size_t MaxNewSize                               = 321912832                                 {product} {ergonomic}
   size_t MinHeapDeltaBytes                        = 1048576                                   {product} {ergonomic}
   size_t MinHeapSize                              = 268435456                                 {product} {command line}
    uintx NonNMethodCodeHeapSize                   = 5839372                                {pd product} {ergonomic}
    uintx NonProfiledCodeHeapSize                  = 122909434                              {pd product} {ergonomic}
    uintx ProfiledCodeHeapSize                     = 122909434                              {pd product} {ergonomic}
    uintx ReservedCodeCacheSize                    = 251658240                              {pd product} {ergonomic}
     bool SegmentedCodeCache                       = true                                      {product} {ergonomic}
   size_t SoftMaxHeapSize                          = 536870912                              {manageable} {ergonomic}
     bool UseCompressedClassPointers               = true                           {product lp64_product} {ergonomic}
     bool UseCompressedOops                        = true                           {product lp64_product} {ergonomic}
     bool UseG1GC                                  = true                                      {product} {ergonomic}
     bool UseLargePagesIndividualAllocation        = false                                  {pd product} {ergonomic}

Logging:
Log output configuration:
 #0: stdout all=warning uptime,level,tags foldmultilines=false
 #1: stderr all=off uptime,level,tags foldmultilines=false

Environment Variables:
PATH=C:\Program Files\Common Files\Oracle\Java\javapath;C:\Program Files (x86)\Common Files\Oracle\Java\javapath;C:\Program Files\NVIDIA GPU Computing Toolkit\CUDA\v11.7\bin;C:\Program Files\NVIDIA GPU Computing Toolkit\CUDA\v11.7\libnvvp;C:\Windows\system32;C:\Windows;C:\Windows\System32\Wbem;C:\Windows\System32\WindowsPowerShell\v1.0\;C:\Windows\System32\OpenSSH\;C:\Program Files (x86)\NVIDIA Corporation\PhysX\Common;C:\Program Files\NVIDIA Corporation\NVIDIA NvDLISR;C:\WINDOWS\system32;C:\WINDOWS;C:\WINDOWS\System32\Wbem;C:\WINDOWS\System32\WindowsPowerShell\v1.0\;C:\WINDOWS\System32\OpenSSH\;C:\Program Files\Git\cmd;C:\Program Files\dotnet\;C:\Program Files (x86)\ZeroTier\One\;C:\Program Files\Inkscape\bin;C:\Program Files\CMake\bin;C:\Program Files\Ninja;C:\Program Files\NVIDIA Corporation\Nsight Compute 2022.2.0\;C:\WINDOWS\system32;C:\WINDOWS;C:\WINDOWS\System32\Wbem;C:\WINDOWS\System32\WindowsPowerShell\v1.0\;C:\WINDOWS\System32\OpenSSH\;C:\Program Files\Docker\Docker\resources\bin;C:\Users\Sebas\.jdks\temurin-19.0.2\bin;C:\Users\Sebas\.jdks\corretto-19.0.2\bin;C:\Users\Sebas\AppData\Local\Microsoft\WindowsApps;C:\Users\Sebas\.dotnet\tools;C:\Users\Sebas\AppData\Local\Programs\Microsoft VS Code\bin;C:\Program Files (x86)\Nmap;C:\Users\Sebas\AppData\Local\Programs\MiKTeX\miktex\bin\x64\;C:\Users\Sebas\AppData\Local\Pandoc\;C:\Users\Sebas\AppData\Local\JetBrains\Toolbox\scripts
USERNAME=Sebas
OS=Windows_NT
PROCESSOR_IDENTIFIER=Intel64 Family 6 Model 158 Stepping 10, GenuineIntel
TMP=C:\Users\Sebas\AppData\Local\Temp
TEMP=C:\Users\Sebas\AppData\Local\Temp



---------------  S Y S T E M  ---------------

OS:
 Windows 11 , 64 bit Build 22621 (10.0.22621.2428)
OS uptime: 27 days 3:04 hours
Hyper-V role detected

CPU: total 12 (initial active 12) (6 cores per cpu, 2 threads per core) family 6 model 158 stepping 10 microcode 0xde, cx8, cmov, fxsr, ht, mmx, 3dnowpref, sse, sse2, sse3, ssse3, sse4.1, sse4.2, popcnt, lzcnt, tsc, tscinvbit, avx, avx2, aes, erms, clmul, bmi1, bmi2, adx, fma, vzeroupper, clflush, clflushopt, hv, rdtscp

Memory: 4k page, system-wide physical 40802M (16951M free)
TotalPageFile size 40802M (AvailPageFile size 5M)
current process WorkingSet (physical memory assigned to process): 443M, peak: 460M
current process commit charge ("private bytes"): 518M, peak: 544M

vm_info: OpenJDK 64-Bit Server VM (19.0.2+7-FR) for windows-amd64 JRE (19.0.2+7-FR), built on Jan 13 2023 22:53:32 by "Administrator" with MS VC++ 15.9 (VS2017)

END.
